#
# There is insufficient memory for the Java Runtime Environment to continue.
# Native memory allocation (malloc) failed to allocate 32744 bytes for ChunkPool::allocate
# Possible reasons:
#   The system is out of physical RAM or swap space
#   In 32 bit mode, the process size limit was hit
# Possible solutions:
#   Reduce memory load on the system
#   Increase physical memory or swap space
#   Check if swap backing store is full
#   Use 64 bit Java on a 64 bit OS
#   Decrease Java heap size (-Xmx/-Xms)
#   Decrease number of Java threads
#   Decrease Java thread stack sizes (-Xss)
#   Set larger code cache with -XX:ReservedCodeCacheSize=
# This output file may be truncated or incomplete.
#
#  Out of Memory Error (allocation.cpp:273), pid=20992, tid=0x00000000000054e0
#
# JRE version: OpenJDK Runtime Environment (8.0_152-b06) (build 1.8.0_152-release-1136-b06)
# Java VM: OpenJDK 64-Bit Server VM (25.152-b06 mixed mode windows-amd64 compressed oops)
# Failed to write core dump. Minidumps are not enabled by default on client versions of Windows
#

---------------  T H R E A D  ---------------

Current thread (0x000000001732b000):  JavaThread "C2 CompilerThread0" daemon [_thread_in_native, id=21728, stack(0x0000000019980000,0x0000000019a80000)]

Stack: [0x0000000019980000,0x0000000019a80000]
[error occurred during error reporting (printing stack bounds), id 0xc0000005]

Native frames: (J=compiled Java code, j=interpreted, Vv=VM code, C=native code)


Current CompileTask:
C2: 592952 10540       4       java.security.SecureClassLoader::defineClass (16 bytes)


---------------  P R O C E S S  ---------------

Java Threads: ( => current thread )
  0x000000002212e000 JavaThread "ForkJoinPool.commonPool-worker-1" daemon [_thread_in_Java, id=19864, stack(0x000000002a580000,0x000000002a680000)]
  0x0000000022129800 JavaThread "stdout" [_thread_in_native, id=12060, stack(0x000000002a480000,0x000000002a580000)]
  0x000000002212d000 JavaThread "stderr" [_thread_in_native, id=15496, stack(0x000000002a380000,0x000000002a480000)]
  0x0000000022128800 JavaThread "pool-5-thread-1" [_thread_blocked, id=1092, stack(0x000000002a280000,0x000000002a380000)]
  0x000000002212a000 JavaThread "Task worker for ':' Thread 7" [_thread_blocked, id=8328, stack(0x000000002a180000,0x000000002a280000)]
  0x0000000022121000 JavaThread "Task worker for ':' Thread 6" [_thread_blocked, id=10016, stack(0x000000002a080000,0x000000002a180000)]
  0x0000000022128000 JavaThread "Task worker for ':' Thread 5" [_thread_blocked, id=14344, stack(0x0000000029f80000,0x000000002a080000)]
  0x0000000022120800 JavaThread "Task worker for ':' Thread 4" [_thread_blocked, id=22452, stack(0x0000000029e80000,0x0000000029f80000)]
  0x0000000022127000 JavaThread "Task worker for ':' Thread 3" [_thread_blocked, id=12952, stack(0x0000000029d80000,0x0000000029e80000)]
  0x0000000022126800 JavaThread "Task worker for ':' Thread 2" [_thread_blocked, id=13092, stack(0x0000000029c80000,0x0000000029d80000)]
  0x0000000022124000 JavaThread "Task worker for ':'" [_thread_blocked, id=18788, stack(0x0000000029b80000,0x0000000029c80000)]
  0x0000000022122800 JavaThread "Cache worker for Build Output Cleanup Cache (C:\Users\dayoung\Desktop\diary\.gradle\buildOutputCleanup)" [_thread_blocked, id=14916, stack(0x0000000029a80000,0x0000000029b80000)]
  0x0000000022123800 JavaThread "Cache worker for task history cache (C:\Users\dayoung\Desktop\diary\.gradle\4.6\taskHistory)" [_thread_blocked, id=21732, stack(0x0000000029980000,0x0000000029a80000)]
  0x0000000022125800 JavaThread "Cache worker for file content cache (C:\Users\dayoung\Desktop\diary\.gradle\4.6\fileContent)" [_thread_blocked, id=13380, stack(0x0000000029880000,0x0000000029980000)]
  0x0000000022125000 JavaThread "Build operations Thread 8" [_thread_blocked, id=18396, stack(0x0000000029780000,0x0000000029880000)]
  0x0000000022122000 JavaThread "Build operations Thread 7" [_thread_blocked, id=18360, stack(0x0000000029680000,0x0000000029780000)]
  0x000000002211f800 JavaThread "Build operations Thread 6" [_thread_blocked, id=16200, stack(0x0000000029580000,0x0000000029680000)]
  0x000000001cdb7800 JavaThread "Build operations Thread 5" [_thread_blocked, id=22612, stack(0x0000000029480000,0x0000000029580000)]
  0x0000000019285000 JavaThread "Build operations Thread 4" [_thread_blocked, id=20220, stack(0x0000000029380000,0x0000000029480000)]
  0x000000001928c000 JavaThread "Build operations Thread 3" [_thread_blocked, id=19316, stack(0x0000000029280000,0x0000000029380000)]
  0x000000001928a800 JavaThread "Build operations Thread 2" [_thread_blocked, id=4380, stack(0x0000000029180000,0x0000000029280000)]
  0x0000000019286000 JavaThread "Build operations" [_thread_blocked, id=2404, stack(0x0000000029080000,0x0000000029180000)]
  0x0000000019289000 JavaThread "Cache worker for Artifact transforms cache (C:\Users\dayoung\.gradle\caches\transforms-1)" [_thread_blocked, id=22672, stack(0x0000000028f80000,0x0000000029080000)]
  0x000000001cdba800 JavaThread "Cache worker for file hash cache (C:\Users\dayoung\Desktop\diary\.gradle\4.6\fileHashes)" [_thread_blocked, id=4240, stack(0x0000000028e80000,0x0000000028f80000)]
  0x000000001cdb3000 JavaThread "Stdin handler" [_thread_blocked, id=23408, stack(0x0000000028d80000,0x0000000028e80000)]
  0x000000001cdb9000 JavaThread "Asynchronous log dispatcher for DefaultDaemonConnection: socket connection from /127.0.0.1:65184 to /127.0.0.1:49865" [_thread_blocked, id=23376, stack(0x0000000028c80000,0x0000000028d80000)]
  0x000000001cdb9800 JavaThread "Daemon worker Thread 2" [_thread_blocked, id=1252, stack(0x0000000028b80000,0x0000000028c80000)]
  0x000000001cdb8000 JavaThread "Cancel handler" [_thread_blocked, id=20812, stack(0x0000000028a80000,0x0000000028b80000)]
  0x000000001cdb0000 JavaThread "Handler for socket connection from /127.0.0.1:65184 to /127.0.0.1:49865" [_thread_in_native, id=17576, stack(0x0000000028980000,0x0000000028a80000)]
  0x000000001cdb5000 JavaThread "Daemon Thread 2" [_thread_blocked, id=10380, stack(0x0000000028880000,0x0000000028980000)]
  0x000000001cdb3800 JavaThread "Memory manager" [_thread_blocked, id=3624, stack(0x0000000023ce0000,0x0000000023de0000)]
  0x000000001cdb6000 JavaThread "pool-1-thread-1" [_thread_blocked, id=13836, stack(0x00000000239e0000,0x0000000023ae0000)]
  0x000000001b2f7800 JavaThread "File lock request listener" [_thread_in_native, id=22704, stack(0x000000001d7f0000,0x000000001d8f0000)]
  0x000000001b31c800 JavaThread "Cache worker for file hash cache (C:\Users\dayoung\.gradle\caches\4.6\fileHashes)" [_thread_blocked, id=14888, stack(0x000000001d6f0000,0x000000001d7f0000)]
  0x000000001b222000 JavaThread "Daemon periodic checks" [_thread_blocked, id=7380, stack(0x000000001bb20000,0x000000001bc20000)]
  0x000000001b221000 JavaThread "Incoming local TCP Connector on port 65184" [_thread_in_native, id=13344, stack(0x000000001b950000,0x000000001ba50000)]
  0x000000001931b800 JavaThread "Service Thread" daemon [_thread_blocked, id=19228, stack(0x0000000019d80000,0x0000000019e80000)]
  0x0000000019286800 JavaThread "C1 CompilerThread3" daemon [_thread_in_vm, id=19632, stack(0x0000000019c80000,0x0000000019d80000)]
  0x0000000019281000 JavaThread "C2 CompilerThread2" daemon [_thread_in_native, id=9436, stack(0x0000000019b80000,0x0000000019c80000)]
  0x000000001732d000 JavaThread "C2 CompilerThread1" daemon [_thread_in_native, id=20248, stack(0x0000000019a80000,0x0000000019b80000)]
=>0x000000001732b000 JavaThread "C2 CompilerThread0" daemon [_thread_in_native, id=21728, stack(0x0000000019980000,0x0000000019a80000)]
  0x000000001922c800 JavaThread "Attach Listener" daemon [_thread_blocked, id=22968, stack(0x0000000019880000,0x0000000019980000)]
  0x000000001922b800 JavaThread "Signal Dispatcher" daemon [_thread_blocked, id=11628, stack(0x0000000019780000,0x0000000019880000)]
  0x000000000355e800 JavaThread "Finalizer" daemon [_thread_blocked, id=9960, stack(0x00000000195f0000,0x00000000196f0000)]
  0x0000000003557000 JavaThread "Reference Handler" daemon [_thread_blocked, id=17420, stack(0x00000000190f0000,0x00000000191f0000)]
  0x000000000335e000 JavaThread "main" [_thread_blocked, id=9808, stack(0x0000000003360000,0x0000000003460000)]

Other Threads:
  0x0000000017317800 VMThread [stack: 0x0000000018ff0000,0x00000000190f0000] [id=1752]
  0x000000001931c800 WatcherThread [stack: 0x0000000019e80000,0x0000000019f80000] [id=13080]

VM state:not at safepoint (normal execution)

VM Mutex/Monitor currently owned by a thread: None

Heap:
 PSYoungGen      total 138240K, used 22445K [0x00000000e0000000, 0x00000000ead00000, 0x0000000100000000)
  eden space 124416K, 7% used [0x00000000e0000000,0x00000000e08c5f48,0x00000000e7980000)
  from space 13824K, 97% used [0x00000000e9f80000,0x00000000eaca5640,0x00000000ead00000)
  to   space 21504K, 0% used [0x00000000e8300000,0x00000000e8300000,0x00000000e9800000)
 ParOldGen       total 158720K, used 55155K [0x00000000a0000000, 0x00000000a9b00000, 0x00000000e0000000)
  object space 158720K, 34% used [0x00000000a0000000,0x00000000a35dcd68,0x00000000a9b00000)
 Metaspace       used 69926K, capacity 72566K, committed 72832K, reserved 1112064K
  class space    used 9149K, capacity 9799K, committed 9856K, reserved 1048576K

Card table byte_map: [0x0000000012920000,0x0000000012c30000] byte_map_base: 0x0000000012420000

Marking Bits: (ParMarkBitMap*) 0x0000000055765aa0
 Begin Bits: [0x0000000013630000, 0x0000000014e30000)
 End Bits:   [0x0000000014e30000, 0x0000000016630000)

Polling page: 0x0000000000df0000

CodeCache: size=245760Kb used=30404Kb max_used=30535Kb free=215355Kb
 bounds [0x0000000003560000, 0x0000000005360000, 0x0000000012560000]
 total_blobs=9956 nmethods=9136 adapters=732
 compilation: enabled

Compilation events (10 events):
Event: 592.667 Thread 0x0000000019286800 10616       3       java.nio.HeapByteBuffer::getShort (19 bytes)
Event: 592.668 Thread 0x0000000019286800 nmethod 10616 0x0000000003a3e490 code [0x0000000003a3e660, 0x0000000003a3eec8]
Event: 592.668 Thread 0x0000000019286800 10622       3       com.android.apksig.internal.zip.ZipUtils::getUnsignedInt32 (11 bytes)
Event: 592.669 Thread 0x0000000019286800 nmethod 10622 0x000000000399b390 code [0x000000000399b500, 0x000000000399b708]
Event: 592.669 Thread 0x0000000019281000 10623       4       java.nio.DirectByteBuffer::get (126 bytes)
Event: 592.669 Thread 0x0000000019286800 10613       3       com.android.tools.build.apkzlib.sign.ZFileDataSource::checkChunkValid (90 bytes)
Event: 592.671 Thread 0x0000000019286800 nmethod 10613 0x0000000004b5d9d0 code [0x0000000004b5dc40, 0x0000000004b5ea08]
Event: 592.671 Thread 0x0000000019286800 10612   !   3       java.security.Security::getSpiClass (72 bytes)
Event: 592.672 Thread 0x0000000019286800 nmethod 10612 0x0000000004c16b50 code [0x0000000004c16da0, 0x0000000004c17b88]
Event: 592.673 Thread 0x0000000019286800 10626   !   3       java.security.Provider$Service::newInstance (416 bytes)

GC Heap History (10 events):
Event: 7.520 GC heap before
{Heap before GC invocations=15 (full 3):
 PSYoungGen      total 129024K, used 14838K [0x00000000e0000000, 0x00000000e9d80000, 0x0000000100000000)
  eden space 114176K, 0% used [0x00000000e0000000,0x00000000e0000000,0x00000000e6f80000)
  from space 14848K, 99% used [0x00000000e8180000,0x00000000e8ffd938,0x00000000e9000000)
  to   space 18432K, 0% used [0x00000000e6f80000,0x00000000e6f80000,0x00000000e8180000)
 ParOldGen       total 102400K, used 27977K [0x00000000a0000000, 0x00000000a6400000, 0x00000000e0000000)
  object space 102400K, 27% used [0x00000000a0000000,0x00000000a1b52540,0x00000000a6400000)
 Metaspace       used 57151K, capacity 58912K, committed 59028K, reserved 1099776K
  class space    used 7714K, capacity 8172K, committed 8192K, reserved 1048576K
Event: 7.744 GC heap after
Heap after GC invocations=15 (full 3):
 PSYoungGen      total 129024K, used 0K [0x00000000e0000000, 0x00000000e9d80000, 0x0000000100000000)
  eden space 114176K, 0% used [0x00000000e0000000,0x00000000e0000000,0x00000000e6f80000)
  from space 14848K, 0% used [0x00000000e8180000,0x00000000e8180000,0x00000000e9000000)
  to   space 18432K, 0% used [0x00000000e6f80000,0x00000000e6f80000,0x00000000e8180000)
 ParOldGen       total 158720K, used 35755K [0x00000000a0000000, 0x00000000a9b00000, 0x00000000e0000000)
  object space 158720K, 22% used [0x00000000a0000000,0x00000000a22eae08,0x00000000a9b00000)
 Metaspace       used 57151K, capacity 58912K, committed 59028K, reserved 1099776K
  class space    used 7714K, capacity 8172K, committed 8192K, reserved 1048576K
}
Event: 8.371 GC heap before
{Heap before GC invocations=16 (full 3):
 PSYoungGen      total 129024K, used 114176K [0x00000000e0000000, 0x00000000e9d80000, 0x0000000100000000)
  eden space 114176K, 100% used [0x00000000e0000000,0x00000000e6f80000,0x00000000e6f80000)
  from space 14848K, 0% used [0x00000000e8180000,0x00000000e8180000,0x00000000e9000000)
  to   space 18432K, 0% used [0x00000000e6f80000,0x00000000e6f80000,0x00000000e8180000)
 ParOldGen       total 158720K, used 35755K [0x00000000a0000000, 0x00000000a9b00000, 0x00000000e0000000)
  object space 158720K, 22% used [0x00000000a0000000,0x00000000a22eae08,0x00000000a9b00000)
 Metaspace       used 58959K, capacity 60900K, committed 61056K, reserved 1101824K
  class space    used 7987K, capacity 8477K, committed 8576K, reserved 1048576K
Event: 8.379 GC heap after
Heap after GC invocations=16 (full 3):
 PSYoungGen      total 132608K, used 12557K [0x00000000e0000000, 0x00000000ea480000, 0x0000000100000000)
  eden space 114176K, 0% used [0x00000000e0000000,0x00000000e0000000,0x00000000e6f80000)
  from space 18432K, 68% used [0x00000000e6f80000,0x00000000e7bc3600,0x00000000e8180000)
  to   space 18944K, 0% used [0x00000000e9200000,0x00000000e9200000,0x00000000ea480000)
 ParOldGen       total 158720K, used 35763K [0x00000000a0000000, 0x00000000a9b00000, 0x00000000e0000000)
  object space 158720K, 22% used [0x00000000a0000000,0x00000000a22ece08,0x00000000a9b00000)
 Metaspace       used 58959K, capacity 60900K, committed 61056K, reserved 1101824K
  class space    used 7987K, capacity 8477K, committed 8576K, reserved 1048576K
}
Event: 10.019 GC heap before
{Heap before GC invocations=17 (full 3):
 PSYoungGen      total 132608K, used 126733K [0x00000000e0000000, 0x00000000ea480000, 0x0000000100000000)
  eden space 114176K, 100% used [0x00000000e0000000,0x00000000e6f80000,0x00000000e6f80000)
  from space 18432K, 68% used [0x00000000e6f80000,0x00000000e7bc3600,0x00000000e8180000)
  to   space 18944K, 0% used [0x00000000e9200000,0x00000000e9200000,0x00000000ea480000)
 ParOldGen       total 158720K, used 35763K [0x00000000a0000000, 0x00000000a9b00000, 0x00000000e0000000)
  object space 158720K, 22% used [0x00000000a0000000,0x00000000a22ece08,0x00000000a9b00000)
 Metaspace       used 63569K, capacity 65920K, committed 66176K, reserved 1105920K
  class space    used 8462K, capacity 9062K, committed 9088K, reserved 1048576K
Event: 10.037 GC heap after
Heap after GC invocations=17 (full 3):
 PSYoungGen      total 146432K, used 18943K [0x00000000e0000000, 0x00000000eaa00000, 0x0000000100000000)
  eden space 127488K, 0% used [0x00000000e0000000,0x00000000e0000000,0x00000000e7c80000)
  from space 18944K, 99% used [0x00000000e9200000,0x00000000ea47fd48,0x00000000ea480000)
  to   space 22016K, 0% used [0x00000000e7c80000,0x00000000e7c80000,0x00000000e9200000)
 ParOldGen       total 158720K, used 37332K [0x00000000a0000000, 0x00000000a9b00000, 0x00000000e0000000)
  object space 158720K, 23% used [0x00000000a0000000,0x00000000a2475340,0x00000000a9b00000)
 Metaspace       used 63569K, capacity 65920K, committed 66176K, reserved 1105920K
  class space    used 8462K, capacity 9062K, committed 9088K, reserved 1048576K
}
Event: 588.147 GC heap before
{Heap before GC invocations=18 (full 3):
 PSYoungGen      total 146432K, used 146431K [0x00000000e0000000, 0x00000000eaa00000, 0x0000000100000000)
  eden space 127488K, 100% used [0x00000000e0000000,0x00000000e7c80000,0x00000000e7c80000)
  from space 18944K, 99% used [0x00000000e9200000,0x00000000ea47fd48,0x00000000ea480000)
  to   space 22016K, 0% used [0x00000000e7c80000,0x00000000e7c80000,0x00000000e9200000)
 ParOldGen       total 158720K, used 37332K [0x00000000a0000000, 0x00000000a9b00000, 0x00000000e0000000)
  object space 158720K, 23% used [0x00000000a0000000,0x00000000a2475340,0x00000000a9b00000)
 Metaspace       used 66135K, capacity 68606K, committed 68864K, reserved 1107968K
  class space    used 8725K, capacity 9361K, committed 9472K, reserved 1048576K
Event: 588.165 GC heap after
Heap after GC invocations=18 (full 3):
 PSYoungGen      total 149504K, used 6668K [0x00000000e0000000, 0x00000000eb480000, 0x0000000100000000)
  eden space 127488K, 0% used [0x00000000e0000000,0x00000000e0000000,0x00000000e7c80000)
  from space 22016K, 30% used [0x00000000e7c80000,0x00000000e83030a0,0x00000000e9200000)
  to   space 21504K, 0% used [0x00000000e9f80000,0x00000000e9f80000,0x00000000eb480000)
 ParOldGen       total 158720K, used 55147K [0x00000000a0000000, 0x00000000a9b00000, 0x00000000e0000000)
  object space 158720K, 34% used [0x00000000a0000000,0x00000000a35dad68,0x00000000a9b00000)
 Metaspace       used 66135K, capacity 68606K, committed 68864K, reserved 1107968K
  class space    used 8725K, capacity 9361K, committed 9472K, reserved 1048576K
}
Event: 592.638 GC heap before
{Heap before GC invocations=19 (full 3):
 PSYoungGen      total 149504K, used 134156K [0x00000000e0000000, 0x00000000eb480000, 0x0000000100000000)
  eden space 127488K, 100% used [0x00000000e0000000,0x00000000e7c80000,0x00000000e7c80000)
  from space 22016K, 30% used [0x00000000e7c80000,0x00000000e83030a0,0x00000000e9200000)
  to   space 21504K, 0% used [0x00000000e9f80000,0x00000000e9f80000,0x00000000eb480000)
 ParOldGen       total 158720K, used 55147K [0x00000000a0000000, 0x00000000a9b00000, 0x00000000e0000000)
  object space 158720K, 34% used [0x00000000a0000000,0x00000000a35dad68,0x00000000a9b00000)
 Metaspace       used 69889K, capacity 72566K, committed 72832K, reserved 1112064K
  class space    used 9149K, capacity 9799K, committed 9856K, reserved 1048576K
Event: 592.650 GC heap after
Heap after GC invocations=19 (full 3):
 PSYoungGen      total 138240K, used 13461K [0x00000000e0000000, 0x00000000ead00000, 0x0000000100000000)
  eden space 124416K, 0% used [0x00000000e0000000,0x00000000e0000000,0x00000000e7980000)
  from space 13824K, 97% used [0x00000000e9f80000,0x00000000eaca5640,0x00000000ead00000)
  to   space 21504K, 0% used [0x00000000e8300000,0x00000000e8300000,0x00000000e9800000)
 ParOldGen       total 158720K, used 55155K [0x00000000a0000000, 0x00000000a9b00000, 0x00000000e0000000)
  object space 158720K, 34% used [0x00000000a0000000,0x00000000a35dcd68,0x00000000a9b00000)
 Metaspace       used 69889K, capacity 72566K, committed 72832K, reserved 1112064K
  class space    used 9149K, capacity 9799K, committed 9856K, reserved 1048576K
}

Deoptimization events (10 events):
Event: 592.403 Thread 0x000000002212e000 Uncommon trap: reason=bimorphic action=maybe_recompile pc=0x0000000004f2a1ec method=java.io.DataInputStream.readUnsignedShort()I @ 4
Event: 592.403 Thread 0x000000002212e000 Uncommon trap: reason=bimorphic action=maybe_recompile pc=0x0000000004f2a1ec method=java.io.DataInputStream.readUnsignedShort()I @ 4
Event: 592.429 Thread 0x000000002212e000 Uncommon trap: reason=class_check action=maybe_recompile pc=0x00000000052c27e8 method=com.android.tools.build.apkzlib.zip.ZipField.checkVerifiesInvariants(J)V @ 25
Event: 592.445 Thread 0x000000002212e000 Uncommon trap: reason=class_check action=maybe_recompile pc=0x0000000003a335b8 method=java.util.zip.InflaterInputStream.read([BII)I @ 100
Event: 592.446 Thread 0x000000002212e000 Uncommon trap: reason=class_check action=maybe_recompile pc=0x0000000003a335b8 method=java.util.zip.InflaterInputStream.read([BII)I @ 100
Event: 592.446 Thread 0x000000002212e000 Uncommon trap: reason=class_check action=maybe_recompile pc=0x0000000003a335b8 method=java.util.zip.InflaterInputStream.read([BII)I @ 100
Event: 592.446 Thread 0x000000002212e000 Uncommon trap: reason=class_check action=maybe_recompile pc=0x0000000003a335b8 method=java.util.zip.InflaterInputStream.read([BII)I @ 100
Event: 592.555 Thread 0x000000002212e000 Uncommon trap: reason=unstable_if action=reinterpret pc=0x00000000046a7654 method=java.nio.Bits.getShort(Ljava/nio/ByteBuffer;IZ)S @ 1
Event: 592.567 Thread 0x000000002212e000 Uncommon trap: reason=unstable_if action=reinterpret pc=0x00000000042212a8 method=java.lang.StringCoding$StringDecoder.decode([BII)[C @ 33
Event: 592.602 Thread 0x000000002212e000 Uncommon trap: reason=unstable_if action=reinterpret pc=0x0000000005349d98 method=com.android.apksig.internal.jar.ManifestParser.readLine()[B @ 8

Classes redefined (0 events):
No events

Internal exceptions (10 events):
Event: 588.044 Thread 0x000000001cdb9800 Exception <a 'sun/nio/fs/WindowsException'> (0x00000000e65f1750) thrown at [D:\src\AOSP-openjdk-cygwin\jdk8u\hotspot\src\share\vm\prims\jni.cpp, line 709]
Event: 588.044 Thread 0x000000001cdb9800 Exception <a 'sun/nio/fs/WindowsException'> (0x00000000e65f33e0) thrown at [D:\src\AOSP-openjdk-cygwin\jdk8u\hotspot\src\share\vm\prims\jni.cpp, line 709]
Event: 588.044 Thread 0x000000001cdb9800 Exception <a 'sun/nio/fs/WindowsException'> (0x00000000e65f4080) thrown at [D:\src\AOSP-openjdk-cygwin\jdk8u\hotspot\src\share\vm\prims\jni.cpp, line 709]
Event: 588.044 Thread 0x000000001cdb9800 Exception <a 'sun/nio/fs/WindowsException'> (0x00000000e65f7720) thrown at [D:\src\AOSP-openjdk-cygwin\jdk8u\hotspot\src\share\vm\prims\jni.cpp, line 709]
Event: 588.045 Thread 0x000000001cdb9800 Exception <a 'sun/nio/fs/WindowsException'> (0x00000000e65f83e8) thrown at [D:\src\AOSP-openjdk-cygwin\jdk8u\hotspot\src\share\vm\prims\jni.cpp, line 709]
Event: 588.045 Thread 0x000000001cdb9800 Exception <a 'sun/nio/fs/WindowsException'> (0x00000000e65fa0f0) thrown at [D:\src\AOSP-openjdk-cygwin\jdk8u\hotspot\src\share\vm\prims\jni.cpp, line 709]
Event: 588.045 Thread 0x000000001cdb9800 Exception <a 'sun/nio/fs/WindowsException'> (0x00000000e65fadf0) thrown at [D:\src\AOSP-openjdk-cygwin\jdk8u\hotspot\src\share\vm\prims\jni.cpp, line 709]
Event: 591.398 Thread 0x0000000022124000 Exception <a 'java/lang/NoSuchMethodError': java.lang.Object.lambda$comparingInt$7b0bb60$1(Ljava/util/function/ToIntFunction;Ljava/lang/Object;Ljava/lang/Object;)I> (0x00000000e438e180) thrown at [D:\src\AOSP-openjdk-cygwin\jdk8u\hotspot\src\share\vm\inte
Event: 592.292 Thread 0x000000002212e000 Exception <a 'java/lang/NoSuchMethodError': java.lang.Object.newSystemTemporaryDirectory()Lcom/android/tools/build/apkzlib/bytestorage/TemporaryDirectory;> (0x00000000e6769038) thrown at [D:\src\AOSP-openjdk-cygwin\jdk8u\hotspot\src\share\vm\interpreter\l
Event: 592.396 Thread 0x000000002212e000 Exception <a 'java/lang/NoSuchMethodError': java.lang.Object.lambda$asRunnable$0(Lcom/android/tools/build/apkzlib/utils/IOExceptionRunnable;)V> (0x00000000e6e52a08) thrown at [D:\src\AOSP-openjdk-cygwin\jdk8u\hotspot\src\share\vm\interpreter\linkResolver.

Events (10 events):
Event: 592.668 Thread 0x0000000019286800 flushing nmethod 0x0000000004c60250
Event: 592.668 Thread 0x0000000019286800 flushing nmethod 0x0000000004c60550
Event: 592.668 Thread 0x0000000019286800 flushing nmethod 0x0000000004ca9810
Event: 592.668 Thread 0x0000000019286800 flushing nmethod 0x0000000004ccdd10
Event: 592.669 Thread 0x0000000019286800 flushing nmethod 0x0000000004dd2110
Event: 592.669 Thread 0x0000000019286800 flushing nmethod 0x0000000004eef950
Event: 592.669 Thread 0x0000000019286800 flushing nmethod 0x0000000004ef0190
Event: 592.669 Thread 0x0000000019286800 flushing nmethod 0x0000000004f1e710
Event: 592.669 Thread 0x0000000019286800 flushing nmethod 0x0000000004f2b710
Event: 592.671 Thread 0x0000000019286800 flushing nmethod 0x0000000004fe8410


Dynamic libraries:
0x00007ff70e790000 - 0x00007ff70e7c1000 	C:\Program Files\Android\Android Studio\jre\bin\java.exe
0x00007fff98680000 - 0x00007fff98861000 	C:\WINDOWS\SYSTEM32\ntdll.dll
0x00007fff95b10000 - 0x00007fff95bc2000 	C:\WINDOWS\System32\KERNEL32.DLL
0x00007fff94ec0000 - 0x00007fff95133000 	C:\WINDOWS\System32\KERNELBASE.dll
0x00007fff96150000 - 0x00007fff961f1000 	C:\WINDOWS\System32\ADVAPI32.dll
0x00007fff95dd0000 - 0x00007fff95e6e000 	C:\WINDOWS\System32\msvcrt.dll
0x00007fff969c0000 - 0x00007fff96a1b000 	C:\WINDOWS\System32\sechost.dll
0x00007fff97f10000 - 0x00007fff98034000 	C:\WINDOWS\System32\RPCRT4.dll
0x00007fff98190000 - 0x00007fff98320000 	C:\WINDOWS\System32\USER32.dll
0x00007fff94b50000 - 0x00007fff94b70000 	C:\WINDOWS\System32\win32u.dll
0x00007fff98160000 - 0x00007fff98188000 	C:\WINDOWS\System32\GDI32.dll
0x00007fff951e0000 - 0x00007fff95372000 	C:\WINDOWS\System32\gdi32full.dll
0x00007fff95140000 - 0x00007fff951df000 	C:\WINDOWS\System32\msvcp_win.dll
0x00007fff94a50000 - 0x00007fff94b4a000 	C:\WINDOWS\System32\ucrtbase.dll
0x00007fff82820000 - 0x00007fff82a89000 	C:\WINDOWS\WinSxS\amd64_microsoft.windows.common-controls_6595b64144ccf1df_6.0.17134.345_none_fb429a5930656358\COMCTL32.dll
0x00007fff98320000 - 0x00007fff98643000 	C:\WINDOWS\System32\combase.dll
0x00007fff95380000 - 0x00007fff953fa000 	C:\WINDOWS\System32\bcryptPrimitives.dll
0x00007fff96120000 - 0x00007fff9614d000 	C:\WINDOWS\System32\IMM32.DLL
0x0000000057130000 - 0x0000000057202000 	C:\Program Files\Android\Android Studio\jre\jre\bin\msvcr100.dll
0x0000000054fa0000 - 0x00000000557e1000 	C:\Program Files\Android\Android Studio\jre\jre\bin\server\jvm.dll
0x00007fff98150000 - 0x00007fff98158000 	C:\WINDOWS\System32\PSAPI.DLL
0x00007fff92a60000 - 0x00007fff92a83000 	C:\WINDOWS\SYSTEM32\WINMM.dll
0x00007fff84d10000 - 0x00007fff84d19000 	C:\WINDOWS\SYSTEM32\WSOCK32.dll
0x00007fff84b90000 - 0x00007fff84b9a000 	C:\WINDOWS\SYSTEM32\VERSION.dll
0x00007fff980e0000 - 0x00007fff9814c000 	C:\WINDOWS\System32\WS2_32.dll
0x00007fff924d0000 - 0x00007fff924fa000 	C:\WINDOWS\SYSTEM32\winmmbase.dll
0x00007fff94b70000 - 0x00007fff94bb9000 	C:\WINDOWS\System32\cfgmgr32.dll
0x00007fff8f420000 - 0x00007fff8f42f000 	C:\Program Files\Android\Android Studio\jre\jre\bin\verify.dll
0x00007fff8da70000 - 0x00007fff8da99000 	C:\Program Files\Android\Android Studio\jre\jre\bin\java.dll
0x00007fff8c770000 - 0x00007fff8c786000 	C:\Program Files\Android\Android Studio\jre\jre\bin\zip.dll
0x00007fff96a20000 - 0x00007fff97e5f000 	C:\WINDOWS\System32\SHELL32.dll
0x00007fff97e60000 - 0x00007fff97f09000 	C:\WINDOWS\System32\shcore.dll
0x00007fff95400000 - 0x00007fff95b0d000 	C:\WINDOWS\System32\windows.storage.dll
0x00007fff95d70000 - 0x00007fff95dc1000 	C:\WINDOWS\System32\shlwapi.dll
0x00007fff94a30000 - 0x00007fff94a41000 	C:\WINDOWS\System32\kernel.appcore.dll
0x00007fff94a10000 - 0x00007fff94a2f000 	C:\WINDOWS\System32\profapi.dll
0x00007fff949c0000 - 0x00007fff94a0c000 	C:\WINDOWS\System32\powrprof.dll
0x00007fff949b0000 - 0x00007fff949ba000 	C:\WINDOWS\System32\FLTLIB.DLL
0x00007fff8c750000 - 0x00007fff8c76a000 	C:\Program Files\Android\Android Studio\jre\jre\bin\net.dll
0x00007fff94210000 - 0x00007fff94276000 	C:\WINDOWS\system32\mswsock.dll
0x00007fff8c730000 - 0x00007fff8c741000 	C:\Program Files\Android\Android Studio\jre\jre\bin\nio.dll
0x00007fff8c440000 - 0x00007fff8c45e000 	C:\Users\dayoung\.gradle\native\25\windows-amd64\native-platform.dll
0x00007fff8e4b0000 - 0x00007fff8e4bd000 	C:\Program Files\Android\Android Studio\jre\jre\bin\management.dll
0x00007fff943c0000 - 0x00007fff943d7000 	C:\WINDOWS\SYSTEM32\CRYPTSP.dll
0x00007fff93df0000 - 0x00007fff93e23000 	C:\WINDOWS\system32\rsaenh.dll
0x00007fff944f0000 - 0x00007fff94515000 	C:\WINDOWS\SYSTEM32\bcrypt.dll
0x00007fff948c0000 - 0x00007fff948e8000 	C:\WINDOWS\SYSTEM32\USERENV.dll
0x00007fff943e0000 - 0x00007fff943eb000 	C:\WINDOWS\SYSTEM32\CRYPTBASE.dll
0x00007fff93f90000 - 0x00007fff93fc8000 	C:\WINDOWS\SYSTEM32\IPHLPAPI.DLL
0x00007fff96470000 - 0x00007fff96478000 	C:\WINDOWS\System32\NSI.dll
0x00007fff89a10000 - 0x00007fff89a26000 	C:\WINDOWS\SYSTEM32\dhcpcsvc6.DLL
0x00007fff8e110000 - 0x00007fff8e12a000 	C:\WINDOWS\SYSTEM32\dhcpcsvc.DLL

VM Arguments:
jvm_args: -Xmx1536m -Dfile.encoding=x-windows-949 -Duser.country=KR -Duser.language=ko -Duser.variant 
java_command: org.gradle.launcher.daemon.bootstrap.GradleDaemon 4.6
java_class_path (initial): C:\Users\dayoung\.gradle\wrapper\dists\gradle-4.6-all\bcst21l2brirad8k2ben1letg\gradle-4.6\lib\gradle-launcher-4.6.jar
Launcher Type: SUN_STANDARD

Environment Variables:
PATH=C:\app\dayoung\product\11.2.0\dbhome_1\bin;C:\Program Files (x86)\Common Files\Oracle\Java\javapath;C:\WINDOWS\system32;C:\WINDOWS;C:\WINDOWS\System32\Wbem;C:\WINDOWS\System32\WindowsPowerShell\v1.0\;C:\WINDOWS\System32\OpenSSH\;C:\Program Files\Git\cmd;C:\Program Files\nodejs\;C:\Program Files\Intel\WiFi\bin\;C:\Program Files\Common Files\Intel\WirelessCommon\;C:\Program Files\Git\bin;C:\Program Files\Bandizip\;C:\Program Files\Java\jdk1.8.0_171\bin;C:\OpenSSL-Win64\bin;C:\Users\dayoung\.android;;C:\Users\dayoung\AppData\Local\Programs\Microsoft VS Code\bin;C:\Users\dayoung\AppData\Roaming\npm
USERNAME=dayoung
OS=Windows_NT
PROCESSOR_IDENTIFIER=Intel64 Family 6 Model 142 Stepping 10, GenuineIntel



---------------  S Y S T E M  ---------------

OS: Windows 10.0 , 64 bit Build 17134 (10.0.17134.1)

CPU:total 8 (initial active 8) (4 cores per cpu, 2 threads per core) family 6 model 142 stepping 10, cmov, cx8, fxsr, mmx, sse, sse2, sse3, ssse3, sse4.1, sse4.2, popcnt, avx, avx2, aes, clmul, erms, 3dnowpref, lzcnt, ht, tsc, tscinvbit, bmi1, bmi2, adx

Memory: 4k page, physical 8268952k(1623828k free), swap 23819412k(3452k free)

vm_info: OpenJDK 64-Bit Server VM (25.152-b06) for windows-amd64 JRE (1.8.0_152-release-1136-b06), built by "builder" with MS VC++ 10.0 (VS2010)

time: Fri Oct 26 19:30:47 2018
elapsed time: 592 seconds (0d 0h 9m 52s)

