#
# There is insufficient memory for the Java Runtime Environment to continue.
# Native memory allocation (malloc) failed to allocate 1206976 bytes for Chunk::new
# Possible reasons:
#   The system is out of physical RAM or swap space
#   In 32 bit mode, the process size limit was hit
# Possible solutions:
#   Reduce memory load on the system
#   Increase physical memory or swap space
#   Check if swap backing store is full
#   Use 64 bit Java on a 64 bit OS
#   Decrease Java heap size (-Xmx/-Xms)
#   Decrease number of Java threads
#   Decrease Java thread stack sizes (-Xss)
#   Set larger code cache with -XX:ReservedCodeCacheSize=
# This output file may be truncated or incomplete.
#
#  Out of Memory Error (allocation.cpp:390), pid=23376, tid=0x000000000000086c
#
# JRE version: OpenJDK Runtime Environment (8.0_152-b06) (build 1.8.0_152-release-1136-b06)
# Java VM: OpenJDK 64-Bit Server VM (25.152-b06 mixed mode windows-amd64 compressed oops)
# Failed to write core dump. Minidumps are not enabled by default on client versions of Windows
#

---------------  T H R E A D  ---------------

Current thread (0x00000000190e4800):  JavaThread "C2 CompilerThread1" daemon [_thread_in_native, id=2156, stack(0x0000000019850000,0x0000000019950000)]

Stack: [0x0000000019850000,0x0000000019950000]
[error occurred during error reporting (printing stack bounds), id 0xc0000005]

Native frames: (J=compiled Java code, j=interpreted, Vv=VM code, C=native code)


Current CompileTask:
C2: 291167 12899       4       com.android.utils.PositionXmlParser::getPositionHelper (757 bytes)


---------------  P R O C E S S  ---------------

Java Threads: ( => current thread )
  0x000000001e7aa800 JavaThread "stdout" [_thread_in_native, id=18284, stack(0x000000002e460000,0x000000002e560000)]
  0x000000001b267800 JavaThread "stderr" [_thread_in_native, id=1204, stack(0x000000002e360000,0x000000002e460000)]
  0x000000001c746000 JavaThread "pool-10-thread-1" [_thread_blocked, id=16632, stack(0x000000002e260000,0x000000002e360000)]
  0x000000001c745000 JavaThread "Task worker for ':' Thread 7" [_thread_blocked, id=11852, stack(0x000000002e160000,0x000000002e260000)]
  0x000000001c744800 JavaThread "Task worker for ':' Thread 6" [_thread_blocked, id=15008, stack(0x000000002e060000,0x000000002e160000)]
  0x000000001c747800 JavaThread "Task worker for ':' Thread 5" [_thread_blocked, id=17656, stack(0x000000002df60000,0x000000002e060000)]
  0x000000001c746800 JavaThread "Task worker for ':' Thread 4" [_thread_blocked, id=10064, stack(0x000000002de60000,0x000000002df60000)]
  0x000000001c743800 JavaThread "Task worker for ':' Thread 3" [_thread_blocked, id=4924, stack(0x000000002dd60000,0x000000002de60000)]
  0x000000001c743000 JavaThread "Task worker for ':' Thread 2" [_thread_blocked, id=13300, stack(0x000000002dc60000,0x000000002dd60000)]
  0x000000001c73b800 JavaThread "Task worker for ':'" [_thread_blocked, id=11000, stack(0x000000002db60000,0x000000002dc60000)]
  0x000000001c739000 JavaThread "Cache worker for Build Output Cleanup Cache (C:\Users\dayoung\Desktop\diary\.gradle\buildOutputCleanup)" [_thread_blocked, id=20544, stack(0x000000002da60000,0x000000002db60000)]
  0x000000001c73f000 JavaThread "Cache worker for task history cache (C:\Users\dayoung\Desktop\diary\.gradle\4.6\taskHistory)" [_thread_blocked, id=2364, stack(0x000000002d960000,0x000000002da60000)]
  0x000000001c73a800 JavaThread "Cache worker for file content cache (C:\Users\dayoung\Desktop\diary\.gradle\4.6\fileContent)" [_thread_blocked, id=5788, stack(0x000000002d860000,0x000000002d960000)]
  0x000000001c73e800 JavaThread "Build operations Thread 8" [_thread_blocked, id=18680, stack(0x000000002d760000,0x000000002d860000)]
  0x000000001c73d800 JavaThread "Build operations Thread 7" [_thread_blocked, id=14452, stack(0x000000002d660000,0x000000002d760000)]
  0x000000001b275000 JavaThread "Build operations Thread 6" [_thread_blocked, id=11096, stack(0x000000002d560000,0x000000002d660000)]
  0x000000001b274000 JavaThread "Build operations Thread 5" [_thread_blocked, id=8576, stack(0x000000002d460000,0x000000002d560000)]
  0x000000001b272000 JavaThread "Build operations Thread 4" [_thread_blocked, id=2356, stack(0x000000002d360000,0x000000002d460000)]
  0x000000001b275800 JavaThread "Build operations Thread 3" [_thread_blocked, id=12652, stack(0x000000002d260000,0x000000002d360000)]
  0x000000001b26a800 JavaThread "Build operations Thread 2" [_thread_blocked, id=16004, stack(0x000000002d160000,0x000000002d260000)]
  0x000000001b271000 JavaThread "Build operations" [_thread_blocked, id=18632, stack(0x000000002d060000,0x000000002d160000)]
  0x000000001b26c800 JavaThread "Cache worker for Artifact transforms cache (C:\Users\dayoung\.gradle\caches\transforms-1)" [_thread_blocked, id=5532, stack(0x000000002cf60000,0x000000002d060000)]
  0x000000001b26d800 JavaThread "Cache worker for file hash cache (C:\Users\dayoung\Desktop\diary\.gradle\4.6\fileHashes)" [_thread_blocked, id=16540, stack(0x000000002ce60000,0x000000002cf60000)]
  0x000000001b269800 JavaThread "Stdin handler" [_thread_blocked, id=1404, stack(0x000000002cd60000,0x000000002ce60000)]
  0x000000001b26f800 JavaThread "Asynchronous log dispatcher for DefaultDaemonConnection: socket connection from /127.0.0.1:56832 to /127.0.0.1:57225" [_thread_blocked, id=12544, stack(0x000000002cc60000,0x000000002cd60000)]
  0x000000001b26c000 JavaThread "Daemon worker Thread 3" [_thread_blocked, id=2560, stack(0x000000002cb60000,0x000000002cc60000)]
  0x000000001b270800 JavaThread "Cancel handler" [_thread_blocked, id=6244, stack(0x000000002ca60000,0x000000002cb60000)]
  0x000000001b266800 JavaThread "Handler for socket connection from /127.0.0.1:56832 to /127.0.0.1:57225" [_thread_in_native, id=13464, stack(0x000000002c960000,0x000000002ca60000)]
  0x000000001b269000 JavaThread "Daemon Thread 3" [_thread_blocked, id=20432, stack(0x000000002c860000,0x000000002c960000)]
  0x000000001c742000 JavaThread "Memory manager" [_thread_blocked, id=8528, stack(0x00000000235a0000,0x00000000236a0000)]
  0x000000001c741800 JavaThread "pool-1-thread-1" [_thread_blocked, id=17232, stack(0x00000000232a0000,0x00000000233a0000)]
  0x000000001b045800 JavaThread "File lock request listener" [_thread_in_native, id=10940, stack(0x000000001c610000,0x000000001c710000)]
  0x000000001b143800 JavaThread "Cache worker for file hash cache (C:\Users\dayoung\.gradle\caches\4.6\fileHashes)" [_thread_blocked, id=12304, stack(0x000000001c510000,0x000000001c610000)]
  0x000000001af0f000 JavaThread "Daemon periodic checks" [_thread_blocked, id=20492, stack(0x000000001b910000,0x000000001ba10000)]
  0x000000001ae0a800 JavaThread "Incoming local TCP Connector on port 56832" [_thread_in_native, id=18080, stack(0x000000001b740000,0x000000001b840000)]
  0x0000000019175800 JavaThread "Service Thread" daemon [_thread_blocked, id=3448, stack(0x0000000019b50000,0x0000000019c50000)]
  0x00000000190ec800 JavaThread "C1 CompilerThread3" daemon [_thread_blocked, id=8328, stack(0x0000000019a50000,0x0000000019b50000)]
  0x00000000190e6800 JavaThread "C2 CompilerThread2" daemon [_thread_in_native, id=16512, stack(0x0000000019950000,0x0000000019a50000)]
=>0x00000000190e4800 JavaThread "C2 CompilerThread1" daemon [_thread_in_native, id=2156, stack(0x0000000019850000,0x0000000019950000)]
  0x00000000190e2800 JavaThread "C2 CompilerThread0" daemon [_thread_blocked, id=9456, stack(0x0000000019750000,0x0000000019850000)]
  0x000000001908c000 JavaThread "Attach Listener" daemon [_thread_blocked, id=18804, stack(0x0000000019650000,0x0000000019750000)]
  0x000000001908b000 JavaThread "Signal Dispatcher" daemon [_thread_blocked, id=18076, stack(0x0000000019550000,0x0000000019650000)]
  0x0000000019071800 JavaThread "Finalizer" daemon [_thread_blocked, id=12988, stack(0x0000000019450000,0x0000000019550000)]
  0x000000001716b000 JavaThread "Reference Handler" daemon [_thread_blocked, id=12668, stack(0x0000000018f50000,0x0000000019050000)]
  0x0000000002dbe000 JavaThread "main" [_thread_blocked, id=13080, stack(0x00000000031b0000,0x00000000032b0000)]

Other Threads:
  0x0000000017167000 VMThread [stack: 0x0000000018e50000,0x0000000018f50000] [id=11956]
  0x0000000019178800 WatcherThread [stack: 0x0000000019c50000,0x0000000019d50000] [id=928]

VM state:not at safepoint (normal execution)

VM Mutex/Monitor currently owned by a thread: None

Heap:
 PSYoungGen      total 171520K, used 157686K [0x00000000e0000000, 0x00000000ec580000, 0x0000000100000000)
  eden space 151040K, 93% used [0x00000000e0000000,0x00000000e8a30918,0x00000000e9380000)
  from space 20480K, 79% used [0x00000000e9380000,0x00000000ea34d118,0x00000000ea780000)
  to   space 21504K, 0% used [0x00000000eb080000,0x00000000eb080000,0x00000000ec580000)
 ParOldGen       total 159744K, used 38479K [0x00000000a0000000, 0x00000000a9c00000, 0x00000000e0000000)
  object space 159744K, 24% used [0x00000000a0000000,0x00000000a2593ed8,0x00000000a9c00000)
 Metaspace       used 70314K, capacity 73186K, committed 73344K, reserved 1112064K
  class space    used 9183K, capacity 9780K, committed 9856K, reserved 1048576K

Card table byte_map: [0x0000000012770000,0x0000000012a80000] byte_map_base: 0x0000000012270000

Marking Bits: (ParMarkBitMap*) 0x0000000055fb5aa0
 Begin Bits: [0x0000000013480000, 0x0000000014c80000)
 End Bits:   [0x0000000014c80000, 0x0000000016480000)

Polling page: 0x0000000001550000

CodeCache: size=245760Kb used=33651Kb max_used=33664Kb free=212108Kb
 bounds [0x00000000033b0000, 0x00000000054d0000, 0x00000000123b0000]
 total_blobs=11603 nmethods=10779 adapters=736
 compilation: enabled

Compilation events (10 events):
Event: 290.754 Thread 0x00000000190ec800 12911       3       com.google.gson.internal.bind.TypeAdapters$35::create (28 bytes)
Event: 290.754 Thread 0x00000000190ec800 nmethod 12911 0x0000000004b04910 code [0x0000000004b04aa0, 0x0000000004b04e78]
Event: 290.754 Thread 0x00000000190e2800 12912       4       org.gradle.api.internal.artifacts.transform.ConsumerProvidedResolvedVariant::startVisit (59 bytes)
Event: 290.759 Thread 0x00000000190e2800 nmethod 12912 0x0000000004b04250 code [0x0000000004b043c0, 0x0000000004b04708]
Event: 290.844 Thread 0x00000000190e2800 12913       4       sun.nio.fs.WindowsFileAttributes::isDirectory (25 bytes)
Event: 290.845 Thread 0x00000000190e2800 nmethod 12913 0x00000000051e6a90 code [0x00000000051e6bc0, 0x00000000051e6c58]
Event: 290.951 Thread 0x00000000190ec800 12914       3       sun.nio.cs.UTF_8$Encoder::encodeArrayLoop (489 bytes)
Event: 290.954 Thread 0x00000000190ec800 nmethod 12914 0x00000000053120d0 code [0x0000000005312640, 0x0000000005315ca8]
Event: 290.956 Thread 0x00000000190e2800 12915 %     4       sun.nio.cs.UTF_8$Encoder::encodeArrayLoop @ 73 (489 bytes)
Event: 290.980 Thread 0x00000000190e2800 nmethod 12915% 0x000000000530f710 code [0x000000000530f8c0, 0x0000000005310340]

GC Heap History (10 events):
Event: 9.440 GC heap before
{Heap before GC invocations=16 (full 3):
 PSYoungGen      total 137216K, used 8209K [0x00000000e0000000, 0x00000000eaf80000, 0x0000000100000000)
  eden space 118784K, 0% used [0x00000000e0000000,0x00000000e0000000,0x00000000e7400000)
  from space 18432K, 44% used [0x00000000e7400000,0x00000000e7c04538,0x00000000e8600000)
  to   space 17920K, 0% used [0x00000000e9e00000,0x00000000e9e00000,0x00000000eaf80000)
 ParOldGen       total 96768K, used 41164K [0x00000000a0000000, 0x00000000a5e80000, 0x00000000e0000000)
  object space 96768K, 42% used [0x00000000a0000000,0x00000000a2833080,0x00000000a5e80000)
 Metaspace       used 57241K, capacity 59006K, committed 59028K, reserved 1099776K
  class space    used 7760K, capacity 8180K, committed 8192K, reserved 1048576K
Event: 9.655 GC heap after
Heap after GC invocations=16 (full 3):
 PSYoungGen      total 137216K, used 0K [0x00000000e0000000, 0x00000000eaf80000, 0x0000000100000000)
  eden space 118784K, 0% used [0x00000000e0000000,0x00000000e0000000,0x00000000e7400000)
  from space 18432K, 0% used [0x00000000e7400000,0x00000000e7400000,0x00000000e8600000)
  to   space 17920K, 0% used [0x00000000e9e00000,0x00000000e9e00000,0x00000000eaf80000)
 ParOldGen       total 159744K, used 38447K [0x00000000a0000000, 0x00000000a9c00000, 0x00000000e0000000)
  object space 159744K, 24% used [0x00000000a0000000,0x00000000a258bed8,0x00000000a9c00000)
 Metaspace       used 57241K, capacity 59006K, committed 59028K, reserved 1099776K
  class space    used 7760K, capacity 8180K, committed 8192K, reserved 1048576K
}
Event: 10.867 GC heap before
{Heap before GC invocations=17 (full 3):
 PSYoungGen      total 137216K, used 118784K [0x00000000e0000000, 0x00000000eaf80000, 0x0000000100000000)
  eden space 118784K, 100% used [0x00000000e0000000,0x00000000e7400000,0x00000000e7400000)
  from space 18432K, 0% used [0x00000000e7400000,0x00000000e7400000,0x00000000e8600000)
  to   space 17920K, 0% used [0x00000000e9e00000,0x00000000e9e00000,0x00000000eaf80000)
 ParOldGen       total 159744K, used 38447K [0x00000000a0000000, 0x00000000a9c00000, 0x00000000e0000000)
  object space 159744K, 24% used [0x00000000a0000000,0x00000000a258bed8,0x00000000a9c00000)
 Metaspace       used 61268K, capacity 63462K, committed 63744K, reserved 1103872K
  class space    used 8316K, capacity 8838K, committed 8960K, reserved 1048576K
Event: 10.877 GC heap after
Heap after GC invocations=17 (full 3):
 PSYoungGen      total 147456K, used 9976K [0x00000000e0000000, 0x00000000ea800000, 0x0000000100000000)
  eden space 137216K, 0% used [0x00000000e0000000,0x00000000e0000000,0x00000000e8600000)
  from space 10240K, 97% used [0x00000000e9e00000,0x00000000ea7be328,0x00000000ea800000)
  to   space 17408K, 0% used [0x00000000e8600000,0x00000000e8600000,0x00000000e9700000)
 ParOldGen       total 159744K, used 38455K [0x00000000a0000000, 0x00000000a9c00000, 0x00000000e0000000)
  object space 159744K, 24% used [0x00000000a0000000,0x00000000a258ded8,0x00000000a9c00000)
 Metaspace       used 61268K, capacity 63462K, committed 63744K, reserved 1103872K
  class space    used 8316K, capacity 8838K, committed 8960K, reserved 1048576K
}
Event: 31.004 GC heap before
{Heap before GC invocations=18 (full 3):
 PSYoungGen      total 147456K, used 147192K [0x00000000e0000000, 0x00000000ea800000, 0x0000000100000000)
  eden space 137216K, 100% used [0x00000000e0000000,0x00000000e8600000,0x00000000e8600000)
  from space 10240K, 97% used [0x00000000e9e00000,0x00000000ea7be328,0x00000000ea800000)
  to   space 17408K, 0% used [0x00000000e8600000,0x00000000e8600000,0x00000000e9700000)
 ParOldGen       total 159744K, used 38455K [0x00000000a0000000, 0x00000000a9c00000, 0x00000000e0000000)
  object space 159744K, 24% used [0x00000000a0000000,0x00000000a258ded8,0x00000000a9c00000)
 Metaspace       used 67031K, capacity 69596K, committed 69760K, reserved 1110016K
  class space    used 8964K, capacity 9501K, committed 9600K, reserved 1048576K
Event: 31.019 GC heap after
Heap after GC invocations=18 (full 3):
 PSYoungGen      total 154624K, used 16850K [0x00000000e0000000, 0x00000000ebd00000, 0x0000000100000000)
  eden space 137216K, 0% used [0x00000000e0000000,0x00000000e0000000,0x00000000e8600000)
  from space 17408K, 96% used [0x00000000e8600000,0x00000000e9674b20,0x00000000e9700000)
  to   space 19456K, 0% used [0x00000000eaa00000,0x00000000eaa00000,0x00000000ebd00000)
 ParOldGen       total 159744K, used 38463K [0x00000000a0000000, 0x00000000a9c00000, 0x00000000e0000000)
  object space 159744K, 24% used [0x00000000a0000000,0x00000000a258fed8,0x00000000a9c00000)
 Metaspace       used 67031K, capacity 69596K, committed 69760K, reserved 1110016K
  class space    used 8964K, capacity 9501K, committed 9600K, reserved 1048576K
}
Event: 64.364 GC heap before
{Heap before GC invocations=19 (full 3):
 PSYoungGen      total 154624K, used 154066K [0x00000000e0000000, 0x00000000ebd00000, 0x0000000100000000)
  eden space 137216K, 100% used [0x00000000e0000000,0x00000000e8600000,0x00000000e8600000)
  from space 17408K, 96% used [0x00000000e8600000,0x00000000e9674b20,0x00000000e9700000)
  to   space 19456K, 0% used [0x00000000eaa00000,0x00000000eaa00000,0x00000000ebd00000)
 ParOldGen       total 159744K, used 38463K [0x00000000a0000000, 0x00000000a9c00000, 0x00000000e0000000)
  object space 159744K, 24% used [0x00000000a0000000,0x00000000a258fed8,0x00000000a9c00000)
 Metaspace       used 67858K, capacity 70510K, committed 70784K, reserved 1110016K
  class space    used 8982K, capacity 9534K, committed 9600K, reserved 1048576K
Event: 64.378 GC heap after
Heap after GC invocations=19 (full 3):
 PSYoungGen      total 168960K, used 14933K [0x00000000e0000000, 0x00000000ebb80000, 0x0000000100000000)
  eden space 151040K, 0% used [0x00000000e0000000,0x00000000e0000000,0x00000000e9380000)
  from space 17920K, 83% used [0x00000000eaa00000,0x00000000eb895650,0x00000000ebb80000)
  to   space 20480K, 0% used [0x00000000e9380000,0x00000000e9380000,0x00000000ea780000)
 ParOldGen       total 159744K, used 38471K [0x00000000a0000000, 0x00000000a9c00000, 0x00000000e0000000)
  object space 159744K, 24% used [0x00000000a0000000,0x00000000a2591ed8,0x00000000a9c00000)
 Metaspace       used 67858K, capacity 70510K, committed 70784K, reserved 1110016K
  class space    used 8982K, capacity 9534K, committed 9600K, reserved 1048576K
}
Event: 148.993 GC heap before
{Heap before GC invocations=20 (full 3):
 PSYoungGen      total 168960K, used 165973K [0x00000000e0000000, 0x00000000ebb80000, 0x0000000100000000)
  eden space 151040K, 100% used [0x00000000e0000000,0x00000000e9380000,0x00000000e9380000)
  from space 17920K, 83% used [0x00000000eaa00000,0x00000000eb895650,0x00000000ebb80000)
  to   space 20480K, 0% used [0x00000000e9380000,0x00000000e9380000,0x00000000ea780000)
 ParOldGen       total 159744K, used 38471K [0x00000000a0000000, 0x00000000a9c00000, 0x00000000e0000000)
  object space 159744K, 24% used [0x00000000a0000000,0x00000000a2591ed8,0x00000000a9c00000)
 Metaspace       used 69942K, capacity 72824K, committed 73088K, reserved 1112064K
  class space    used 9177K, capacity 9773K, committed 9856K, reserved 1048576K
Event: 149.002 GC heap after
Heap after GC invocations=20 (full 3):
 PSYoungGen      total 171520K, used 16180K [0x00000000e0000000, 0x00000000ec580000, 0x0000000100000000)
  eden space 151040K, 0% used [0x00000000e0000000,0x00000000e0000000,0x00000000e9380000)
  from space 20480K, 79% used [0x00000000e9380000,0x00000000ea34d118,0x00000000ea780000)
  to   space 21504K, 0% used [0x00000000eb080000,0x00000000eb080000,0x00000000ec580000)
 ParOldGen       total 159744K, used 38479K [0x00000000a0000000, 0x00000000a9c00000, 0x00000000e0000000)
  object space 159744K, 24% used [0x00000000a0000000,0x00000000a2593ed8,0x00000000a9c00000)
 Metaspace       used 69942K, capacity 72824K, committed 73088K, reserved 1112064K
  class space    used 9177K, capacity 9773K, committed 9856K, reserved 1048576K
}

Deoptimization events (10 events):
Event: 148.961 Thread 0x000000001b269800 Uncommon trap: reason=class_check action=maybe_recompile pc=0x0000000005301ef0 method=com.google.common.collect.Iterables.castOrCopyToCollection(Ljava/lang/Iterable;)Ljava/util/Collection; @ 1
Event: 148.962 Thread 0x000000001b269800 Uncommon trap: reason=class_check action=maybe_recompile pc=0x00000000052fa4d8 method=com.google.common.collect.ImmutableMap.copyOf(Ljava/util/Map;)Lcom/google/common/collect/ImmutableMap; @ 49
Event: 148.962 Thread 0x000000001b269800 Uncommon trap: reason=class_check action=maybe_recompile pc=0x0000000005301ef0 method=com.google.common.collect.Iterables.castOrCopyToCollection(Ljava/lang/Iterable;)Ljava/util/Collection; @ 1
Event: 148.962 Thread 0x000000001b269800 Uncommon trap: reason=class_check action=maybe_recompile pc=0x00000000052fa4d8 method=com.google.common.collect.ImmutableMap.copyOf(Ljava/util/Map;)Lcom/google/common/collect/ImmutableMap; @ 49
Event: 148.962 Thread 0x000000001b269800 Uncommon trap: reason=class_check action=maybe_recompile pc=0x0000000005301ef0 method=com.google.common.collect.Iterables.castOrCopyToCollection(Ljava/lang/Iterable;)Ljava/util/Collection; @ 1
Event: 148.970 Thread 0x000000001b269800 Uncommon trap: reason=class_check action=maybe_recompile pc=0x00000000052fa4d8 method=com.google.common.collect.ImmutableMap.copyOf(Ljava/util/Map;)Lcom/google/common/collect/ImmutableMap; @ 49
Event: 148.970 Thread 0x000000001b269800 Uncommon trap: reason=class_check action=maybe_recompile pc=0x0000000005301ef0 method=com.google.common.collect.Iterables.castOrCopyToCollection(Ljava/lang/Iterable;)Ljava/util/Collection; @ 1
Event: 149.036 Thread 0x000000001b269800 Uncommon trap: reason=unstable_if action=reinterpret pc=0x0000000004009634 method=java.lang.StringCoding$StringDecoder.decode([BII)[C @ 33
Event: 149.251 Thread 0x000000002045c800 Uncommon trap: reason=unstable_if action=reinterpret pc=0x0000000003be844c method=java.io.BufferedReader.readLine(Z)Ljava/lang/String; @ 192
Event: 290.194 Thread 0x000000001b275000 Uncommon trap: reason=unstable_if action=reinterpret pc=0x0000000003cda124 method=java.util.concurrent.ConcurrentHashMap.get(Ljava/lang/Object;)Ljava/lang/Object; @ 86

Classes redefined (0 events):
No events

Internal exceptions (10 events):
Event: 289.889 Thread 0x000000001b26c000 Exception <a 'sun/nio/fs/WindowsException'> (0x00000000e40a6750) thrown at [D:\src\AOSP-openjdk-cygwin\jdk8u\hotspot\src\share\vm\prims\jni.cpp, line 709]
Event: 289.889 Thread 0x000000001b26c000 Exception <a 'sun/nio/fs/WindowsException'> (0x00000000e40a7378) thrown at [D:\src\AOSP-openjdk-cygwin\jdk8u\hotspot\src\share\vm\prims\jni.cpp, line 709]
Event: 289.889 Thread 0x000000001b26c000 Exception <a 'sun/nio/fs/WindowsException'> (0x00000000e40aa150) thrown at [D:\src\AOSP-openjdk-cygwin\jdk8u\hotspot\src\share\vm\prims\jni.cpp, line 709]
Event: 289.889 Thread 0x000000001b26c000 Exception <a 'sun/nio/fs/WindowsException'> (0x00000000e40aadb0) thrown at [D:\src\AOSP-openjdk-cygwin\jdk8u\hotspot\src\share\vm\prims\jni.cpp, line 709]
Event: 289.889 Thread 0x000000001b26c000 Exception <a 'sun/nio/fs/WindowsException'> (0x00000000e40aca40) thrown at [D:\src\AOSP-openjdk-cygwin\jdk8u\hotspot\src\share\vm\prims\jni.cpp, line 709]
Event: 289.889 Thread 0x000000001b26c000 Exception <a 'sun/nio/fs/WindowsException'> (0x00000000e40ad6e0) thrown at [D:\src\AOSP-openjdk-cygwin\jdk8u\hotspot\src\share\vm\prims\jni.cpp, line 709]
Event: 289.890 Thread 0x000000001b26c000 Exception <a 'sun/nio/fs/WindowsException'> (0x00000000e40b0e88) thrown at [D:\src\AOSP-openjdk-cygwin\jdk8u\hotspot\src\share\vm\prims\jni.cpp, line 709]
Event: 289.890 Thread 0x000000001b26c000 Exception <a 'sun/nio/fs/WindowsException'> (0x00000000e40b1b50) thrown at [D:\src\AOSP-openjdk-cygwin\jdk8u\hotspot\src\share\vm\prims\jni.cpp, line 709]
Event: 289.890 Thread 0x000000001b26c000 Exception <a 'sun/nio/fs/WindowsException'> (0x00000000e40b3858) thrown at [D:\src\AOSP-openjdk-cygwin\jdk8u\hotspot\src\share\vm\prims\jni.cpp, line 709]
Event: 289.890 Thread 0x000000001b26c000 Exception <a 'sun/nio/fs/WindowsException'> (0x00000000e40b4558) thrown at [D:\src\AOSP-openjdk-cygwin\jdk8u\hotspot\src\share\vm\prims\jni.cpp, line 709]

Events (10 events):
Event: 290.536 Executing VM operation: RevokeBias done
Event: 290.536 Executing VM operation: RevokeBias
Event: 290.536 Executing VM operation: RevokeBias done
Event: 290.536 Executing VM operation: RevokeBias
Event: 290.536 Executing VM operation: RevokeBias done
Event: 290.864 Thread 0x000000001c746000 Thread added: 0x000000001c746000
Event: 290.864 Executing VM operation: RevokeBias
Event: 290.865 Executing VM operation: RevokeBias done
Event: 290.868 Thread 0x000000001b267800 Thread added: 0x000000001b267800
Event: 290.869 Thread 0x000000001e7aa800 Thread added: 0x000000001e7aa800


Dynamic libraries:
0x00007ff60c7c0000 - 0x00007ff60c7f1000 	C:\Program Files\Android\Android Studio\jre\bin\java.exe
0x00007fff98680000 - 0x00007fff98861000 	C:\WINDOWS\SYSTEM32\ntdll.dll
0x00007fff95b10000 - 0x00007fff95bc2000 	C:\WINDOWS\System32\KERNEL32.DLL
0x00007fff94ec0000 - 0x00007fff95133000 	C:\WINDOWS\System32\KERNELBASE.dll
0x00007fff96150000 - 0x00007fff961f1000 	C:\WINDOWS\System32\ADVAPI32.dll
0x00007fff95dd0000 - 0x00007fff95e6e000 	C:\WINDOWS\System32\msvcrt.dll
0x00007fff969c0000 - 0x00007fff96a1b000 	C:\WINDOWS\System32\sechost.dll
0x00007fff97f10000 - 0x00007fff98034000 	C:\WINDOWS\System32\RPCRT4.dll
0x00007fff98190000 - 0x00007fff98320000 	C:\WINDOWS\System32\USER32.dll
0x00007fff94b50000 - 0x00007fff94b70000 	C:\WINDOWS\System32\win32u.dll
0x00007fff98160000 - 0x00007fff98188000 	C:\WINDOWS\System32\GDI32.dll
0x00007fff951e0000 - 0x00007fff95372000 	C:\WINDOWS\System32\gdi32full.dll
0x00007fff95140000 - 0x00007fff951df000 	C:\WINDOWS\System32\msvcp_win.dll
0x00007fff94a50000 - 0x00007fff94b4a000 	C:\WINDOWS\System32\ucrtbase.dll
0x00007fff82820000 - 0x00007fff82a89000 	C:\WINDOWS\WinSxS\amd64_microsoft.windows.common-controls_6595b64144ccf1df_6.0.17134.345_none_fb429a5930656358\COMCTL32.dll
0x00007fff98320000 - 0x00007fff98643000 	C:\WINDOWS\System32\combase.dll
0x00007fff95380000 - 0x00007fff953fa000 	C:\WINDOWS\System32\bcryptPrimitives.dll
0x00007fff96120000 - 0x00007fff9614d000 	C:\WINDOWS\System32\IMM32.DLL
0x0000000057130000 - 0x0000000057202000 	C:\Program Files\Android\Android Studio\jre\jre\bin\msvcr100.dll
0x00000000557f0000 - 0x0000000056031000 	C:\Program Files\Android\Android Studio\jre\jre\bin\server\jvm.dll
0x00007fff98150000 - 0x00007fff98158000 	C:\WINDOWS\System32\PSAPI.DLL
0x00007fff84d10000 - 0x00007fff84d19000 	C:\WINDOWS\SYSTEM32\WSOCK32.dll
0x00007fff980e0000 - 0x00007fff9814c000 	C:\WINDOWS\System32\WS2_32.dll
0x00007fff92a60000 - 0x00007fff92a83000 	C:\WINDOWS\SYSTEM32\WINMM.dll
0x00007fff84b90000 - 0x00007fff84b9a000 	C:\WINDOWS\SYSTEM32\VERSION.dll
0x00007fff924d0000 - 0x00007fff924fa000 	C:\WINDOWS\SYSTEM32\winmmbase.dll
0x00007fff94b70000 - 0x00007fff94bb9000 	C:\WINDOWS\System32\cfgmgr32.dll
0x00007fff8f440000 - 0x00007fff8f44f000 	C:\Program Files\Android\Android Studio\jre\jre\bin\verify.dll
0x00007fff8da80000 - 0x00007fff8daa9000 	C:\Program Files\Android\Android Studio\jre\jre\bin\java.dll
0x00007fff8f410000 - 0x00007fff8f426000 	C:\Program Files\Android\Android Studio\jre\jre\bin\zip.dll
0x00007fff96a20000 - 0x00007fff97e5f000 	C:\WINDOWS\System32\SHELL32.dll
0x00007fff97e60000 - 0x00007fff97f09000 	C:\WINDOWS\System32\shcore.dll
0x00007fff95400000 - 0x00007fff95b0d000 	C:\WINDOWS\System32\windows.storage.dll
0x00007fff95d70000 - 0x00007fff95dc1000 	C:\WINDOWS\System32\shlwapi.dll
0x00007fff94a30000 - 0x00007fff94a41000 	C:\WINDOWS\System32\kernel.appcore.dll
0x00007fff94a10000 - 0x00007fff94a2f000 	C:\WINDOWS\System32\profapi.dll
0x00007fff949c0000 - 0x00007fff94a0c000 	C:\WINDOWS\System32\powrprof.dll
0x00007fff949b0000 - 0x00007fff949ba000 	C:\WINDOWS\System32\FLTLIB.DLL
0x00007fff8da00000 - 0x00007fff8da1a000 	C:\Program Files\Android\Android Studio\jre\jre\bin\net.dll
0x00007fff94210000 - 0x00007fff94276000 	C:\WINDOWS\system32\mswsock.dll
0x00007fff8c770000 - 0x00007fff8c781000 	C:\Program Files\Android\Android Studio\jre\jre\bin\nio.dll
0x00007fff8ab80000 - 0x00007fff8ab9e000 	C:\Users\dayoung\.gradle\native\25\windows-amd64\native-platform.dll
0x00007fff8e4b0000 - 0x00007fff8e4bd000 	C:\Program Files\Android\Android Studio\jre\jre\bin\management.dll
0x00007fff943c0000 - 0x00007fff943d7000 	C:\WINDOWS\SYSTEM32\CRYPTSP.dll
0x00007fff93df0000 - 0x00007fff93e23000 	C:\WINDOWS\system32\rsaenh.dll
0x00007fff944f0000 - 0x00007fff94515000 	C:\WINDOWS\SYSTEM32\bcrypt.dll
0x00007fff948c0000 - 0x00007fff948e8000 	C:\WINDOWS\SYSTEM32\USERENV.dll
0x00007fff943e0000 - 0x00007fff943eb000 	C:\WINDOWS\SYSTEM32\CRYPTBASE.dll
0x00007fff93f90000 - 0x00007fff93fc8000 	C:\WINDOWS\SYSTEM32\IPHLPAPI.DLL
0x00007fff96470000 - 0x00007fff96478000 	C:\WINDOWS\System32\NSI.dll
0x00007fff89a10000 - 0x00007fff89a26000 	C:\WINDOWS\SYSTEM32\dhcpcsvc6.DLL
0x00007fff8e110000 - 0x00007fff8e12a000 	C:\WINDOWS\SYSTEM32\dhcpcsvc.DLL

VM Arguments:
jvm_args: -Xmx1536m -Dfile.encoding=x-windows-949 -Duser.country=KR -Duser.language=ko -Duser.variant 
java_command: org.gradle.launcher.daemon.bootstrap.GradleDaemon 4.6
java_class_path (initial): C:\Users\dayoung\.gradle\wrapper\dists\gradle-4.6-all\bcst21l2brirad8k2ben1letg\gradle-4.6\lib\gradle-launcher-4.6.jar
Launcher Type: SUN_STANDARD

Environment Variables:
PATH=C:\app\dayoung\product\11.2.0\dbhome_1\bin;C:\Program Files (x86)\Common Files\Oracle\Java\javapath;C:\WINDOWS\system32;C:\WINDOWS;C:\WINDOWS\System32\Wbem;C:\WINDOWS\System32\WindowsPowerShell\v1.0\;C:\WINDOWS\System32\OpenSSH\;C:\Program Files\Git\cmd;C:\Program Files\nodejs\;C:\Program Files\Intel\WiFi\bin\;C:\Program Files\Common Files\Intel\WirelessCommon\;C:\Program Files\Git\bin;C:\Program Files\Bandizip\;C:\Program Files\Java\jdk1.8.0_171\bin;C:\OpenSSL-Win64\bin;C:\Users\dayoung\.android;;C:\Users\dayoung\AppData\Local\Programs\Microsoft VS Code\bin;C:\Users\dayoung\AppData\Roaming\npm
USERNAME=dayoung
OS=Windows_NT
PROCESSOR_IDENTIFIER=Intel64 Family 6 Model 142 Stepping 10, GenuineIntel



---------------  S Y S T E M  ---------------

OS: Windows 10.0 , 64 bit Build 17134 (10.0.17134.1)

CPU:total 8 (initial active 8) (4 cores per cpu, 2 threads per core) family 6 model 142 stepping 10, cmov, cx8, fxsr, mmx, sse, sse2, sse3, ssse3, sse4.1, sse4.2, popcnt, avx, avx2, aes, clmul, erms, 3dnowpref, lzcnt, ht, tsc, tscinvbit, bmi1, bmi2, adx

Memory: 4k page, physical 8268952k(612820k free), swap 23819412k(5500k free)

vm_info: OpenJDK 64-Bit Server VM (25.152-b06) for windows-amd64 JRE (1.8.0_152-release-1136-b06), built by "builder" with MS VC++ 10.0 (VS2010)

time: Fri Oct 26 21:14:00 2018
elapsed time: 291 seconds (0d 0h 4m 51s)

