#
# There is insufficient memory for the Java Runtime Environment to continue.
# Native memory allocation (malloc) failed to allocate 674256 bytes for Chunk::new
# Possible reasons:
#   The system is out of physical RAM or swap space
#   In 32 bit mode, the process size limit was hit
# Possible solutions:
#   Reduce memory load on the system
#   Increase physical memory or swap space
#   Check if swap backing store is full
#   Use 64 bit Java on a 64 bit OS
#   Decrease Java heap size (-Xmx/-Xms)
#   Decrease number of Java threads
#   Decrease Java thread stack sizes (-Xss)
#   Set larger code cache with -XX:ReservedCodeCacheSize=
# This output file may be truncated or incomplete.
#
#  Out of Memory Error (allocation.cpp:390), pid=21916, tid=0x0000000000002bd8
#
# JRE version: OpenJDK Runtime Environment (8.0_152-b06) (build 1.8.0_152-release-1136-b06)
# Java VM: OpenJDK 64-Bit Server VM (25.152-b06 mixed mode windows-amd64 compressed oops)
# Failed to write core dump. Minidumps are not enabled by default on client versions of Windows
#

---------------  T H R E A D  ---------------

Current thread (0x0000000018d80800):  JavaThread "C2 CompilerThread0" daemon [_thread_in_native, id=11224, stack(0x0000000019480000,0x0000000019580000)]

Stack: [0x0000000019480000,0x0000000019580000]
[error occurred during error reporting (printing stack bounds), id 0xc0000005]

Native frames: (J=compiled Java code, j=interpreted, Vv=VM code, C=native code)


Current CompileTask:
C2:  13823 7796       4       java.security.SecureClassLoader::defineClass (16 bytes)


---------------  P R O C E S S  ---------------

Java Threads: ( => current thread )
  0x000000001c483800 JavaThread "ForkJoinPool.commonPool-worker-1" daemon [_thread_blocked, id=22888, stack(0x0000000027770000,0x0000000027870000)]
  0x000000001c483000 JavaThread "stdout" [_thread_in_native, id=364, stack(0x0000000027670000,0x0000000027770000)]
  0x000000001c482000 JavaThread "stderr" [_thread_in_native, id=14452, stack(0x0000000027570000,0x0000000027670000)]
  0x000000001c485000 JavaThread "pool-3-thread-1" [_thread_blocked, id=13300, stack(0x0000000027470000,0x0000000027570000)]
  0x000000001c487800 JavaThread "Task worker for ':' Thread 7" [_thread_in_vm, id=12416, stack(0x00000000270c0000,0x00000000271c0000)]
  0x000000001c481800 JavaThread "Task worker for ':' Thread 6" [_thread_blocked, id=9964, stack(0x0000000026fc0000,0x00000000270c0000)]
  0x000000001c484800 JavaThread "Task worker for ':' Thread 5" [_thread_blocked, id=4604, stack(0x0000000026ec0000,0x0000000026fc0000)]
  0x000000001c486000 JavaThread "Task worker for ':' Thread 4" [_thread_blocked, id=6808, stack(0x0000000026dc0000,0x0000000026ec0000)]
  0x000000001c47c000 JavaThread "Task worker for ':' Thread 3" [_thread_blocked, id=15380, stack(0x0000000026cc0000,0x0000000026dc0000)]
  0x000000001c47d800 JavaThread "Task worker for ':' Thread 2" [_thread_blocked, id=8712, stack(0x0000000026bc0000,0x0000000026cc0000)]
  0x000000001c47f000 JavaThread "Task worker for ':'" [_thread_blocked, id=23148, stack(0x0000000026ac0000,0x0000000026bc0000)]
  0x000000001c480000 JavaThread "Cache worker for Build Output Cleanup Cache (C:\Users\dayoung\Desktop\diary\.gradle\buildOutputCleanup)" [_thread_blocked, id=15280, stack(0x00000000269c0000,0x0000000026ac0000)]
  0x000000001c480800 JavaThread "Cache worker for task history cache (C:\Users\dayoung\Desktop\diary\.gradle\4.6\taskHistory)" [_thread_blocked, id=20008, stack(0x00000000256d0000,0x00000000257d0000)]
  0x000000001c479000 JavaThread "Cache worker for file content cache (C:\Users\dayoung\Desktop\diary\.gradle\4.6\fileContent)" [_thread_blocked, id=352, stack(0x00000000241c0000,0x00000000242c0000)]
  0x000000001c47b800 JavaThread "Memory manager" [_thread_blocked, id=7216, stack(0x0000000023230000,0x0000000023330000)]
  0x000000001c478800 JavaThread "pool-1-thread-1" [_thread_blocked, id=20164, stack(0x0000000022f30000,0x0000000023030000)]
  0x000000001c47a800 JavaThread "Build operations Thread 8" [_thread_blocked, id=16620, stack(0x0000000022a30000,0x0000000022b30000)]
  0x000000001fe3e000 JavaThread "Build operations Thread 7" [_thread_blocked, id=8252, stack(0x0000000022930000,0x0000000022a30000)]
  0x000000001fe3f800 JavaThread "Build operations Thread 6" [_thread_blocked, id=5828, stack(0x0000000022830000,0x0000000022930000)]
  0x000000001fe3b800 JavaThread "Build operations Thread 5" [_thread_blocked, id=21756, stack(0x0000000022730000,0x0000000022830000)]
  0x000000001fe3d000 JavaThread "Build operations Thread 4" [_thread_blocked, id=7072, stack(0x00000000223b0000,0x00000000224b0000)]
  0x000000001fe41000 JavaThread "Build operations Thread 3" [_thread_blocked, id=9132, stack(0x00000000222b0000,0x00000000223b0000)]
  0x000000001fe3c800 JavaThread "Build operations Thread 2" [_thread_blocked, id=7064, stack(0x00000000221b0000,0x00000000222b0000)]
  0x000000001fe40000 JavaThread "Build operations" [_thread_blocked, id=13952, stack(0x0000000020e40000,0x0000000020f40000)]
  0x000000001fe42800 JavaThread "Cache worker for Artifact transforms cache (C:\Users\dayoung\.gradle\caches\transforms-1)" [_thread_blocked, id=1116, stack(0x0000000020b40000,0x0000000020c40000)]
  0x000000001b226000 JavaThread "Cache worker for file hash cache (C:\Users\dayoung\Desktop\diary\.gradle\4.6\fileHashes)" [_thread_blocked, id=10836, stack(0x000000001d430000,0x000000001d530000)]
  0x000000001ad5a800 JavaThread "File lock request listener" [_thread_in_native, id=6968, stack(0x000000001c360000,0x000000001c460000)]
  0x000000001ad4e000 JavaThread "Cache worker for file hash cache (C:\Users\dayoung\.gradle\caches\4.6\fileHashes)" [_thread_blocked, id=2404, stack(0x000000001c260000,0x000000001c360000)]
  0x000000001aa8d800 JavaThread "Stdin handler" [_thread_blocked, id=9888, stack(0x000000001bf60000,0x000000001c060000)]
  0x000000001aaa5800 JavaThread "Asynchronous log dispatcher for DefaultDaemonConnection: socket connection from /127.0.0.1:50381 to /127.0.0.1:50382" [_thread_blocked, id=2644, stack(0x000000001bd60000,0x000000001be60000)]
  0x000000001aaab000 JavaThread "Daemon worker" [_thread_blocked, id=7296, stack(0x000000001bc60000,0x000000001bd60000)]
  0x000000001aa97800 JavaThread "Cancel handler" [_thread_blocked, id=7588, stack(0x000000001bb60000,0x000000001bc60000)]
  0x000000001ab54800 JavaThread "Handler for socket connection from /127.0.0.1:50381 to /127.0.0.1:50382" [_thread_in_native, id=15368, stack(0x000000001b860000,0x000000001b960000)]
  0x000000001ab52000 JavaThread "Daemon" [_thread_blocked, id=16104, stack(0x000000001b760000,0x000000001b860000)]
  0x000000001ab59800 JavaThread "Daemon periodic checks" [_thread_blocked, id=14728, stack(0x000000001b660000,0x000000001b760000)]
  0x000000001ab38000 JavaThread "Incoming local TCP Connector on port 50381" [_thread_in_native, id=16016, stack(0x000000001b490000,0x000000001b590000)]
  0x0000000018e04000 JavaThread "Service Thread" daemon [_thread_blocked, id=6164, stack(0x0000000019880000,0x0000000019980000)]
  0x0000000018d8b800 JavaThread "C1 CompilerThread3" daemon [_thread_blocked, id=19408, stack(0x0000000019780000,0x0000000019880000)]
  0x0000000018d84000 JavaThread "C2 CompilerThread2" daemon [_thread_in_native, id=7908, stack(0x0000000019680000,0x0000000019780000)]
  0x0000000018d82000 JavaThread "C2 CompilerThread1" daemon [_thread_in_native, id=18820, stack(0x0000000019580000,0x0000000019680000)]
=>0x0000000018d80800 JavaThread "C2 CompilerThread0" daemon [_thread_in_native, id=11224, stack(0x0000000019480000,0x0000000019580000)]
  0x0000000018d27800 JavaThread "Attach Listener" daemon [_thread_blocked, id=1100, stack(0x0000000019380000,0x0000000019480000)]
  0x0000000016e2e800 JavaThread "Signal Dispatcher" daemon [_thread_blocked, id=20048, stack(0x0000000019280000,0x0000000019380000)]
  0x0000000003059000 JavaThread "Finalizer" daemon [_thread_blocked, id=13176, stack(0x00000000190f0000,0x00000000191f0000)]
  0x0000000016e1b800 JavaThread "Reference Handler" daemon [_thread_blocked, id=13920, stack(0x0000000018bf0000,0x0000000018cf0000)]
  0x0000000002b9e000 JavaThread "main" [_thread_blocked, id=22184, stack(0x0000000002a80000,0x0000000002b80000)]

Other Threads:
  0x0000000016e17800 VMThread [stack: 0x0000000018af0000,0x0000000018bf0000] [id=16960]
  0x0000000018e04800 WatcherThread [stack: 0x0000000019980000,0x0000000019a80000] [id=7092]

VM state:not at safepoint (normal execution)

VM Mutex/Monitor currently owned by a thread: None

Heap:
 PSYoungGen      total 130560K, used 41477K [0x00000000e0000000, 0x00000000ea400000, 0x0000000100000000)
  eden space 112128K, 36% used [0x00000000e0000000,0x00000000e2881688,0x00000000e6d80000)
  from space 18432K, 0% used [0x00000000e6d80000,0x00000000e6d80000,0x00000000e7f80000)
  to   space 17920K, 0% used [0x00000000e9280000,0x00000000e9280000,0x00000000ea400000)
 ParOldGen       total 159232K, used 35874K [0x00000000a0000000, 0x00000000a9b80000, 0x00000000e0000000)
  object space 159232K, 22% used [0x00000000a0000000,0x00000000a2308858,0x00000000a9b80000)
 Metaspace       used 58612K, capacity 60558K, committed 60672K, reserved 1101824K
  class space    used 7916K, capacity 8394K, committed 8448K, reserved 1048576K

Card table byte_map: [0x0000000012420000,0x0000000012730000] byte_map_base: 0x0000000011f20000

Marking Bits: (ParMarkBitMap*) 0x0000000055765aa0
 Begin Bits: [0x0000000013130000, 0x0000000014930000)
 End Bits:   [0x0000000014930000, 0x0000000016130000)

Polling page: 0x0000000002b80000

CodeCache: size=245760Kb used=22411Kb max_used=22411Kb free=223349Kb
 bounds [0x0000000003060000, 0x0000000004660000, 0x0000000012060000]
 total_blobs=7729 nmethods=6922 adapters=719
 compilation: enabled

Compilation events (10 events):
Event: 13.806 Thread 0x0000000018d8b800 7843       1       com.android.tools.build.apkzlib.zip.StoredEntry::isDeleted (5 bytes)
Event: 13.806 Thread 0x0000000018d8b800 nmethod 7843 0x0000000004650a50 code [0x0000000004650ba0, 0x0000000004650cb0]
Event: 13.806 Thread 0x0000000018d8b800 7844       1       com.android.apksig.internal.apk.v1.DigestAlgorithm::getJcaMessageDigestAlgorithm (5 bytes)
Event: 13.806 Thread 0x0000000018d8b800 nmethod 7844 0x0000000004650790 code [0x00000000046508e0, 0x00000000046509f0]
Event: 13.809 Thread 0x0000000018d8b800 7846       3       com.android.apksig.internal.apk.v1.V1SchemeSigner::isJarEntryDigestNeededInManifest (113 bytes)
Event: 13.810 Thread 0x0000000018d8b800 nmethod 7846 0x0000000004656f50 code [0x00000000046571e0, 0x0000000004658668]
Event: 13.810 Thread 0x0000000018d84000 7849       4       sun.nio.ch.Util::offerFirstTemporaryDirectBuffer (53 bytes)
Event: 13.810 Thread 0x0000000018d8b800 7847       3       com.android.apksig.DefaultApkSignerEngine::invalidateV1Signature (17 bytes)
Event: 13.811 Thread 0x0000000018d8b800 nmethod 7847 0x0000000004650310 code [0x0000000004650480, 0x00000000046506d0]
Event: 13.811 Thread 0x0000000018d8b800 7848   !   3       com.android.apksig.DefaultApkSignerEngine$GetJarEntryDataDigestRequest::getMessageDigest (72 bytes)

GC Heap History (10 events):
Event: 5.924 GC heap before
{Heap before GC invocations=12 (full 2):
 PSYoungGen      total 90112K, used 79360K [0x00000000e0000000, 0x00000000e7d80000, 0x0000000100000000)
  eden space 79360K, 100% used [0x00000000e0000000,0x00000000e4d80000,0x00000000e4d80000)
  from space 10752K, 0% used [0x00000000e4d80000,0x00000000e4d80000,0x00000000e5800000)
  to   space 10752K, 0% used [0x00000000e7300000,0x00000000e7300000,0x00000000e7d80000)
 ParOldGen       total 97792K, used 15652K [0x00000000a0000000, 0x00000000a5f80000, 0x00000000e0000000)
  object space 97792K, 16% used [0x00000000a0000000,0x00000000a0f49068,0x00000000a5f80000)
 Metaspace       used 39346K, capacity 40144K, committed 40448K, reserved 1083392K
  class space    used 5369K, capacity 5630K, committed 5632K, reserved 1048576K
Event: 5.931 GC heap after
Heap after GC invocations=12 (full 2):
 PSYoungGen      total 104960K, used 7903K [0x00000000e0000000, 0x00000000e7b00000, 0x0000000100000000)
  eden space 96768K, 0% used [0x00000000e0000000,0x00000000e0000000,0x00000000e5e80000)
  from space 8192K, 96% used [0x00000000e7300000,0x00000000e7ab7e78,0x00000000e7b00000)
  to   space 10752K, 0% used [0x00000000e6600000,0x00000000e6600000,0x00000000e7080000)
 ParOldGen       total 97792K, used 15660K [0x00000000a0000000, 0x00000000a5f80000, 0x00000000e0000000)
  object space 97792K, 16% used [0x00000000a0000000,0x00000000a0f4b068,0x00000000a5f80000)
 Metaspace       used 39346K, capacity 40144K, committed 40448K, reserved 1083392K
  class space    used 5369K, capacity 5630K, committed 5632K, reserved 1048576K
}
Event: 7.312 GC heap before
{Heap before GC invocations=13 (full 2):
 PSYoungGen      total 104960K, used 104671K [0x00000000e0000000, 0x00000000e7b00000, 0x0000000100000000)
  eden space 96768K, 100% used [0x00000000e0000000,0x00000000e5e80000,0x00000000e5e80000)
  from space 8192K, 96% used [0x00000000e7300000,0x00000000e7ab7e78,0x00000000e7b00000)
  to   space 10752K, 0% used [0x00000000e6600000,0x00000000e6600000,0x00000000e7080000)
 ParOldGen       total 97792K, used 15660K [0x00000000a0000000, 0x00000000a5f80000, 0x00000000e0000000)
  object space 97792K, 16% used [0x00000000a0000000,0x00000000a0f4b068,0x00000000a5f80000)
 Metaspace       used 47570K, capacity 48592K, committed 48768K, reserved 1091584K
  class space    used 6410K, capacity 6743K, committed 6784K, reserved 1048576K
Event: 7.322 GC heap after
Heap after GC invocations=13 (full 2):
 PSYoungGen      total 115200K, used 10749K [0x00000000e0000000, 0x00000000e8d00000, 0x0000000100000000)
  eden space 104448K, 0% used [0x00000000e0000000,0x00000000e0000000,0x00000000e6600000)
  from space 10752K, 99% used [0x00000000e6600000,0x00000000e707f5f0,0x00000000e7080000)
  to   space 13824K, 0% used [0x00000000e7f80000,0x00000000e7f80000,0x00000000e8d00000)
 ParOldGen       total 97792K, used 20991K [0x00000000a0000000, 0x00000000a5f80000, 0x00000000e0000000)
  object space 97792K, 21% used [0x00000000a0000000,0x00000000a147ff98,0x00000000a5f80000)
 Metaspace       used 47570K, capacity 48592K, committed 48768K, reserved 1091584K
  class space    used 6410K, capacity 6743K, committed 6784K, reserved 1048576K
}
Event: 8.992 GC heap before
{Heap before GC invocations=14 (full 2):
 PSYoungGen      total 115200K, used 115197K [0x00000000e0000000, 0x00000000e8d00000, 0x0000000100000000)
  eden space 104448K, 100% used [0x00000000e0000000,0x00000000e6600000,0x00000000e6600000)
  from space 10752K, 99% used [0x00000000e6600000,0x00000000e707f5f0,0x00000000e7080000)
  to   space 13824K, 0% used [0x00000000e7f80000,0x00000000e7f80000,0x00000000e8d00000)
 ParOldGen       total 97792K, used 20991K [0x00000000a0000000, 0x00000000a5f80000, 0x00000000e0000000)
  object space 97792K, 21% used [0x00000000a0000000,0x00000000a147ff98,0x00000000a5f80000)
 Metaspace       used 54761K, capacity 56472K, committed 56576K, reserved 1097728K
  class space    used 7468K, capacity 7887K, committed 7936K, reserved 1048576K
Event: 9.008 GC heap after
Heap after GC invocations=14 (full 2):
 PSYoungGen      total 125952K, used 13809K [0x00000000e0000000, 0x00000000e9f00000, 0x0000000100000000)
  eden space 112128K, 0% used [0x00000000e0000000,0x00000000e0000000,0x00000000e6d80000)
  from space 13824K, 99% used [0x00000000e7f80000,0x00000000e8cfc6f0,0x00000000e8d00000)
  to   space 18432K, 0% used [0x00000000e6d80000,0x00000000e6d80000,0x00000000e7f80000)
 ParOldGen       total 97792K, used 28759K [0x00000000a0000000, 0x00000000a5f80000, 0x00000000e0000000)
  object space 97792K, 29% used [0x00000000a0000000,0x00000000a1c15d38,0x00000000a5f80000)
 Metaspace       used 54761K, capacity 56472K, committed 56576K, reserved 1097728K
  class space    used 7468K, capacity 7887K, committed 7936K, reserved 1048576K
}
Event: 13.004 GC heap before
{Heap before GC invocations=15 (full 2):
 PSYoungGen      total 125952K, used 105907K [0x00000000e0000000, 0x00000000e9f00000, 0x0000000100000000)
  eden space 112128K, 82% used [0x00000000e0000000,0x00000000e59f05f0,0x00000000e6d80000)
  from space 13824K, 99% used [0x00000000e7f80000,0x00000000e8cfc6f0,0x00000000e8d00000)
  to   space 18432K, 0% used [0x00000000e6d80000,0x00000000e6d80000,0x00000000e7f80000)
 ParOldGen       total 97792K, used 28759K [0x00000000a0000000, 0x00000000a5f80000, 0x00000000e0000000)
  object space 97792K, 29% used [0x00000000a0000000,0x00000000a1c15d38,0x00000000a5f80000)
 Metaspace       used 57142K, capacity 58964K, committed 59028K, reserved 1099776K
  class space    used 7728K, capacity 8183K, committed 8192K, reserved 1048576K
Event: 13.018 GC heap after
Heap after GC invocations=15 (full 2):
 PSYoungGen      total 130560K, used 6418K [0x00000000e0000000, 0x00000000ea400000, 0x0000000100000000)
  eden space 112128K, 0% used [0x00000000e0000000,0x00000000e0000000,0x00000000e6d80000)
  from space 18432K, 34% used [0x00000000e6d80000,0x00000000e73c4858,0x00000000e7f80000)
  to   space 17920K, 0% used [0x00000000e9280000,0x00000000e9280000,0x00000000ea400000)
 ParOldGen       total 97792K, used 40017K [0x00000000a0000000, 0x00000000a5f80000, 0x00000000e0000000)
  object space 97792K, 40% used [0x00000000a0000000,0x00000000a2714610,0x00000000a5f80000)
 Metaspace       used 57142K, capacity 58964K, committed 59028K, reserved 1099776K
  class space    used 7728K, capacity 8183K, committed 8192K, reserved 1048576K
}
Event: 13.018 GC heap before
{Heap before GC invocations=16 (full 3):
 PSYoungGen      total 130560K, used 6418K [0x00000000e0000000, 0x00000000ea400000, 0x0000000100000000)
  eden space 112128K, 0% used [0x00000000e0000000,0x00000000e0000000,0x00000000e6d80000)
  from space 18432K, 34% used [0x00000000e6d80000,0x00000000e73c4858,0x00000000e7f80000)
  to   space 17920K, 0% used [0x00000000e9280000,0x00000000e9280000,0x00000000ea400000)
 ParOldGen       total 97792K, used 40017K [0x00000000a0000000, 0x00000000a5f80000, 0x00000000e0000000)
  object space 97792K, 40% used [0x00000000a0000000,0x00000000a2714610,0x00000000a5f80000)
 Metaspace       used 57142K, capacity 58964K, committed 59028K, reserved 1099776K
  class space    used 7728K, capacity 8183K, committed 8192K, reserved 1048576K
Event: 13.286 GC heap after
Heap after GC invocations=16 (full 3):
 PSYoungGen      total 130560K, used 0K [0x00000000e0000000, 0x00000000ea400000, 0x0000000100000000)
  eden space 112128K, 0% used [0x00000000e0000000,0x00000000e0000000,0x00000000e6d80000)
  from space 18432K, 0% used [0x00000000e6d80000,0x00000000e6d80000,0x00000000e7f80000)
  to   space 17920K, 0% used [0x00000000e9280000,0x00000000e9280000,0x00000000ea400000)
 ParOldGen       total 159232K, used 35874K [0x00000000a0000000, 0x00000000a9b80000, 0x00000000e0000000)
  object space 159232K, 22% used [0x00000000a0000000,0x00000000a2308858,0x00000000a9b80000)
 Metaspace       used 57142K, capacity 58964K, committed 59028K, reserved 1099776K
  class space    used 7728K, capacity 8183K, committed 8192K, reserved 1048576K
}

Deoptimization events (10 events):
Event: 13.497 Thread 0x000000001c487800 Uncommon trap: reason=predicate action=maybe_recompile pc=0x00000000041a472c method=java.util.Arrays$ArrayList.indexOf(Ljava/lang/Object;)I @ 42
Event: 13.546 Thread 0x000000001c487800 Uncommon trap: reason=class_check action=maybe_recompile pc=0x000000000423bc20 method=com.android.tools.build.apkzlib.zip.ZipField.checkVerifiesInvariants(J)V @ 25
Event: 13.571 Thread 0x000000001c487800 Uncommon trap: reason=class_check action=maybe_recompile pc=0x0000000003542078 method=java.util.zip.InflaterInputStream.read([BII)I @ 100
Event: 13.571 Thread 0x000000001c487800 Uncommon trap: reason=class_check action=maybe_recompile pc=0x0000000003542078 method=java.util.zip.InflaterInputStream.read([BII)I @ 100
Event: 13.571 Thread 0x000000001c487800 Uncommon trap: reason=class_check action=maybe_recompile pc=0x0000000003542078 method=java.util.zip.InflaterInputStream.read([BII)I @ 100
Event: 13.571 Thread 0x000000001c487800 Uncommon trap: reason=class_check action=maybe_recompile pc=0x0000000003542078 method=java.util.zip.InflaterInputStream.read([BII)I @ 100
Event: 13.641 Thread 0x000000001c487800 Uncommon trap: reason=unstable_if action=reinterpret pc=0x000000000417ff54 method=java.nio.Bits.getShort(Ljava/nio/ByteBuffer;IZ)S @ 1
Event: 13.650 Thread 0x000000001c487800 Uncommon trap: reason=unstable_if action=reinterpret pc=0x0000000003cd57f4 method=java.lang.StringCoding$StringDecoder.decode([BII)[C @ 33
Event: 13.677 Thread 0x000000001c487800 Uncommon trap: reason=unstable_if action=reinterpret pc=0x00000000045f2758 method=com.android.apksig.internal.jar.ManifestParser.readLine()[B @ 8
Event: 13.770 Thread 0x000000001c487800 Uncommon trap: reason=class_check action=maybe_recompile pc=0x000000000423bc20 method=com.android.tools.build.apkzlib.zip.ZipField.checkVerifiesInvariants(J)V @ 25

Classes redefined (0 events):
No events

Internal exceptions (10 events):
Event: 10.517 Thread 0x000000001c487800 Exception <a 'java/lang/NoSuchMethodError': java.lang.Object.lambda$negate$1(Ljava/lang/Object;)Z> (0x00000000e33cf398) thrown at [D:\src\AOSP-openjdk-cygwin\jdk8u\hotspot\src\share\vm\interpreter\linkResolver.cpp, line 584]
Event: 12.098 Thread 0x000000001c487800 Exception <a 'java/lang/NoSuchMethodError': java.lang.Object.lambda$comparingInt$7b0bb60$1(Ljava/util/function/ToIntFunction;Ljava/lang/Object;Ljava/lang/Object;)I> (0x00000000e3432328) thrown at [D:\src\AOSP-openjdk-cygwin\jdk8u\hotspot\src\share\vm\inte
Event: 12.199 Thread 0x000000001c487800 Implicit null exception at 0x0000000003813a1a to 0x0000000003813e19
Event: 12.200 Thread 0x000000001c487800 Implicit null exception at 0x00000000034a455a to 0x00000000034a4939
Event: 13.001 Thread 0x000000001c487800 Exception <a 'java/lang/NoSuchMethodError': java.lang.Object.newSystemTemporaryDirectory()Lcom/android/tools/build/apkzlib/bytestorage/TemporaryDirectory;> (0x00000000e596d7a8) thrown at [D:\src\AOSP-openjdk-cygwin\jdk8u\hotspot\src\share\vm\interpreter\l
Event: 13.505 Thread 0x000000001c487800 Exception <a 'java/lang/NoSuchMethodError': java.lang.Object.lambda$asRunnable$0(Lcom/android/tools/build/apkzlib/utils/IOExceptionRunnable;)V> (0x00000000e078ca10) thrown at [D:\src\AOSP-openjdk-cygwin\jdk8u\hotspot\src\share\vm\interpreter\linkResolver.
Event: 13.533 Thread 0x000000001c487800 Exception <a 'java/lang/ClassNotFoundException': org/gradle/api/plugins/JavaPluginConventionBeanInfo> (0x00000000e08fa0d0) thrown at [D:\src\AOSP-openjdk-cygwin\jdk8u\hotspot\src\share\vm\classfile\systemDictionary.cpp, line 210]
Event: 13.535 Thread 0x000000001c487800 Exception <a 'java/lang/ClassNotFoundException': org/gradle/api/plugins/JavaPluginConventionCustomizer> (0x00000000e0937870) thrown at [D:\src\AOSP-openjdk-cygwin\jdk8u\hotspot\src\share\vm\classfile\systemDictionary.cpp, line 210]
Event: 13.751 Thread 0x000000001c487800 Exception <a 'java/lang/NoSuchMethodError': java.lang.Object.lambda$comparing$ea9a8b3a$1(Ljava/util/Comparator;Ljava/util/function/Function;Ljava/lang/Object;Ljava/lang/Object;)I> (0x00000000e207a650) thrown at [D:\src\AOSP-openjdk-cygwin\jdk8u\hotspot\sr
Event: 13.780 Thread 0x000000001c487800 Exception <a 'java/lang/NoSuchMethodError': java.lang.Object.lambda$or$2(Ljava/util/function/Predicate;Ljava/lang/Object;)Z> (0x00000000e22b5738) thrown at [D:\src\AOSP-openjdk-cygwin\jdk8u\hotspot\src\share\vm\interpreter\linkResolver.cpp, line 584]

Events (10 events):
Event: 13.798 loading class com/android/tools/build/apkzlib/sign/ManifestGenerationExtension
Event: 13.798 loading class com/android/tools/build/apkzlib/sign/ManifestGenerationExtension done
Event: 13.798 loading class com/android/tools/build/apkzlib/sign/ManifestGenerationExtension
Event: 13.798 loading class com/android/tools/build/apkzlib/sign/ManifestGenerationExtension done
Event: 13.799 loading class com/android/tools/build/apkzlib/sign/SigningExtension$1
Event: 13.799 loading class com/android/tools/build/apkzlib/sign/SigningExtension$1 done
Event: 13.807 loading class com/android/apksig/DefaultApkSignerEngine$GetJarEntryDataRequest
Event: 13.807 loading class com/android/apksig/DefaultApkSignerEngine$GetJarEntryDataRequest done
Event: 13.808 loading class com/android/apksig/internal/util/OutputStreamDataSink
Event: 13.808 loading class com/android/apksig/internal/util/OutputStreamDataSink done


Dynamic libraries:
0x00007ff769980000 - 0x00007ff7699b1000 	C:\Program Files\Android\Android Studio\jre\bin\java.exe
0x00007fff98680000 - 0x00007fff98861000 	C:\WINDOWS\SYSTEM32\ntdll.dll
0x00007fff95b10000 - 0x00007fff95bc2000 	C:\WINDOWS\System32\KERNEL32.DLL
0x00007fff94ec0000 - 0x00007fff95133000 	C:\WINDOWS\System32\KERNELBASE.dll
0x00007fff96150000 - 0x00007fff961f1000 	C:\WINDOWS\System32\ADVAPI32.dll
0x00007fff95dd0000 - 0x00007fff95e6e000 	C:\WINDOWS\System32\msvcrt.dll
0x00007fff969c0000 - 0x00007fff96a1b000 	C:\WINDOWS\System32\sechost.dll
0x00007fff97f10000 - 0x00007fff98034000 	C:\WINDOWS\System32\RPCRT4.dll
0x00007fff98190000 - 0x00007fff98320000 	C:\WINDOWS\System32\USER32.dll
0x00007fff94b50000 - 0x00007fff94b70000 	C:\WINDOWS\System32\win32u.dll
0x00007fff98160000 - 0x00007fff98188000 	C:\WINDOWS\System32\GDI32.dll
0x00007fff951e0000 - 0x00007fff95372000 	C:\WINDOWS\System32\gdi32full.dll
0x00007fff95140000 - 0x00007fff951df000 	C:\WINDOWS\System32\msvcp_win.dll
0x00007fff94a50000 - 0x00007fff94b4a000 	C:\WINDOWS\System32\ucrtbase.dll
0x00007fff82820000 - 0x00007fff82a89000 	C:\WINDOWS\WinSxS\amd64_microsoft.windows.common-controls_6595b64144ccf1df_6.0.17134.345_none_fb429a5930656358\COMCTL32.dll
0x00007fff98320000 - 0x00007fff98643000 	C:\WINDOWS\System32\combase.dll
0x00007fff95380000 - 0x00007fff953fa000 	C:\WINDOWS\System32\bcryptPrimitives.dll
0x00007fff96120000 - 0x00007fff9614d000 	C:\WINDOWS\System32\IMM32.DLL
0x0000000057130000 - 0x0000000057202000 	C:\Program Files\Android\Android Studio\jre\jre\bin\msvcr100.dll
0x0000000054fa0000 - 0x00000000557e1000 	C:\Program Files\Android\Android Studio\jre\jre\bin\server\jvm.dll
0x00007fff98150000 - 0x00007fff98158000 	C:\WINDOWS\System32\PSAPI.DLL
0x00007fff84d10000 - 0x00007fff84d19000 	C:\WINDOWS\SYSTEM32\WSOCK32.dll
0x00007fff980e0000 - 0x00007fff9814c000 	C:\WINDOWS\System32\WS2_32.dll
0x00007fff84b90000 - 0x00007fff84b9a000 	C:\WINDOWS\SYSTEM32\VERSION.dll
0x00007fff92a60000 - 0x00007fff92a83000 	C:\WINDOWS\SYSTEM32\WINMM.dll
0x00007fff924d0000 - 0x00007fff924fa000 	C:\WINDOWS\SYSTEM32\winmmbase.dll
0x00007fff94b70000 - 0x00007fff94bb9000 	C:\WINDOWS\System32\cfgmgr32.dll
0x00007fff8f420000 - 0x00007fff8f42f000 	C:\Program Files\Android\Android Studio\jre\jre\bin\verify.dll
0x00007fff8da70000 - 0x00007fff8da99000 	C:\Program Files\Android\Android Studio\jre\jre\bin\java.dll
0x00007fff8c770000 - 0x00007fff8c786000 	C:\Program Files\Android\Android Studio\jre\jre\bin\zip.dll
0x00007fff96a20000 - 0x00007fff97e5f000 	C:\WINDOWS\System32\SHELL32.dll
0x00007fff97e60000 - 0x00007fff97f09000 	C:\WINDOWS\System32\shcore.dll
0x00007fff95400000 - 0x00007fff95b0d000 	C:\WINDOWS\System32\windows.storage.dll
0x00007fff95d70000 - 0x00007fff95dc1000 	C:\WINDOWS\System32\shlwapi.dll
0x00007fff94a30000 - 0x00007fff94a41000 	C:\WINDOWS\System32\kernel.appcore.dll
0x00007fff94a10000 - 0x00007fff94a2f000 	C:\WINDOWS\System32\profapi.dll
0x00007fff949c0000 - 0x00007fff94a0c000 	C:\WINDOWS\System32\powrprof.dll
0x00007fff949b0000 - 0x00007fff949ba000 	C:\WINDOWS\System32\FLTLIB.DLL
0x00007fff8c750000 - 0x00007fff8c76a000 	C:\Program Files\Android\Android Studio\jre\jre\bin\net.dll
0x00007fff94210000 - 0x00007fff94276000 	C:\WINDOWS\system32\mswsock.dll
0x00007fff8c730000 - 0x00007fff8c741000 	C:\Program Files\Android\Android Studio\jre\jre\bin\nio.dll
0x00007fff8c440000 - 0x00007fff8c45e000 	C:\Users\dayoung\.gradle\native\25\windows-amd64\native-platform.dll
0x00007fff8e4b0000 - 0x00007fff8e4bd000 	C:\Program Files\Android\Android Studio\jre\jre\bin\management.dll
0x00007fff943c0000 - 0x00007fff943d7000 	C:\WINDOWS\SYSTEM32\CRYPTSP.dll
0x00007fff93df0000 - 0x00007fff93e23000 	C:\WINDOWS\system32\rsaenh.dll
0x00007fff944f0000 - 0x00007fff94515000 	C:\WINDOWS\SYSTEM32\bcrypt.dll
0x00007fff948c0000 - 0x00007fff948e8000 	C:\WINDOWS\SYSTEM32\USERENV.dll
0x00007fff943e0000 - 0x00007fff943eb000 	C:\WINDOWS\SYSTEM32\CRYPTBASE.dll
0x00007fff93f90000 - 0x00007fff93fc8000 	C:\WINDOWS\SYSTEM32\IPHLPAPI.DLL
0x00007fff96470000 - 0x00007fff96478000 	C:\WINDOWS\System32\NSI.dll
0x00007fff89a10000 - 0x00007fff89a26000 	C:\WINDOWS\SYSTEM32\dhcpcsvc6.DLL
0x00007fff8e110000 - 0x00007fff8e12a000 	C:\WINDOWS\SYSTEM32\dhcpcsvc.DLL

VM Arguments:
jvm_args: -Xmx1536m -Dfile.encoding=x-windows-949 -Duser.country=KR -Duser.language=ko -Duser.variant 
java_command: org.gradle.launcher.daemon.bootstrap.GradleDaemon 4.6
java_class_path (initial): C:\Users\dayoung\.gradle\wrapper\dists\gradle-4.6-all\bcst21l2brirad8k2ben1letg\gradle-4.6\lib\gradle-launcher-4.6.jar
Launcher Type: SUN_STANDARD

Environment Variables:
PATH=C:\app\dayoung\product\11.2.0\dbhome_1\bin;C:\Program Files (x86)\Common Files\Oracle\Java\javapath;C:\WINDOWS\system32;C:\WINDOWS;C:\WINDOWS\System32\Wbem;C:\WINDOWS\System32\WindowsPowerShell\v1.0\;C:\WINDOWS\System32\OpenSSH\;C:\Program Files\Git\cmd;C:\Program Files\nodejs\;C:\Program Files\Intel\WiFi\bin\;C:\Program Files\Common Files\Intel\WirelessCommon\;C:\Program Files\Git\bin;C:\Program Files\Bandizip\;C:\Program Files\Java\jdk1.8.0_171\bin;C:\OpenSSL-Win64\bin;C:\Users\dayoung\.android;;C:\Users\dayoung\AppData\Local\Programs\Microsoft VS Code\bin;C:\Users\dayoung\AppData\Roaming\npm
USERNAME=dayoung
OS=Windows_NT
PROCESSOR_IDENTIFIER=Intel64 Family 6 Model 142 Stepping 10, GenuineIntel



---------------  S Y S T E M  ---------------

OS: Windows 10.0 , 64 bit Build 17134 (10.0.17134.1)

CPU:total 8 (initial active 8) (4 cores per cpu, 2 threads per core) family 6 model 142 stepping 10, cmov, cx8, fxsr, mmx, sse, sse2, sse3, ssse3, sse4.1, sse4.2, popcnt, avx, avx2, aes, clmul, erms, 3dnowpref, lzcnt, ht, tsc, tscinvbit, bmi1, bmi2, adx

Memory: 4k page, physical 8268952k(1572216k free), swap 23819412k(4240k free)

vm_info: OpenJDK 64-Bit Server VM (25.152-b06) for windows-amd64 JRE (1.8.0_152-release-1136-b06), built by "builder" with MS VC++ 10.0 (VS2010)

time: Fri Oct 26 19:33:13 2018
elapsed time: 13 seconds (0d 0h 0m 13s)

