#
# There is insufficient memory for the Java Runtime Environment to continue.
# Native memory allocation (malloc) failed to allocate 672976 bytes for Chunk::new
# Possible reasons:
#   The system is out of physical RAM or swap space
#   In 32 bit mode, the process size limit was hit
# Possible solutions:
#   Reduce memory load on the system
#   Increase physical memory or swap space
#   Check if swap backing store is full
#   Use 64 bit Java on a 64 bit OS
#   Decrease Java heap size (-Xmx/-Xms)
#   Decrease number of Java threads
#   Decrease Java thread stack sizes (-Xss)
#   Set larger code cache with -XX:ReservedCodeCacheSize=
# This output file may be truncated or incomplete.
#
#  Out of Memory Error (allocation.cpp:390), pid=2816, tid=0x0000000000003660
#
# JRE version: OpenJDK Runtime Environment (8.0_152-b06) (build 1.8.0_152-release-1136-b06)
# Java VM: OpenJDK 64-Bit Server VM (25.152-b06 mixed mode windows-amd64 compressed oops)
# Failed to write core dump. Minidumps are not enabled by default on client versions of Windows
#

---------------  T H R E A D  ---------------

Current thread (0x00000000169fa000):  JavaThread "C2 CompilerThread0" daemon [_thread_in_native, id=13920, stack(0x0000000019050000,0x0000000019150000)]

Stack: [0x0000000019050000,0x0000000019150000]
[error occurred during error reporting (printing stack bounds), id 0xc0000005]

Native frames: (J=compiled Java code, j=interpreted, Vv=VM code, C=native code)


Current CompileTask:
C2:  10054 5149       4       java.lang.Class::getMethod0 (40 bytes)


---------------  P R O C E S S  ---------------

Java Threads: ( => current thread )
  0x000000001c10d800 JavaThread "Memory manager" [_thread_blocked, id=1716, stack(0x0000000022e80000,0x0000000022f80000)]
  0x000000001c109000 JavaThread "pool-1-thread-1" [_thread_blocked, id=22776, stack(0x0000000022b80000,0x0000000022c80000)]
  0x000000001c10f000 JavaThread "Build operations Thread 8" [_thread_blocked, id=15856, stack(0x0000000022880000,0x0000000022980000)]
  0x000000001c10b800 JavaThread "Build operations Thread 7" [_thread_blocked, id=776, stack(0x0000000022780000,0x0000000022880000)]
  0x000000001c10a800 JavaThread "Build operations Thread 6" [_thread_blocked, id=20236, stack(0x0000000022680000,0x0000000022780000)]
  0x000000001895f000 JavaThread "Build operations Thread 5" [_thread_blocked, id=15308, stack(0x0000000022580000,0x0000000022680000)]
  0x0000000018964800 JavaThread "Build operations Thread 4" [_thread_blocked, id=17256, stack(0x0000000022480000,0x0000000022580000)]
  0x000000001895e800 JavaThread "Build operations Thread 3" [_thread_blocked, id=13832, stack(0x0000000022380000,0x0000000022480000)]
  0x0000000018960800 JavaThread "Build operations Thread 2" [_thread_blocked, id=11500, stack(0x0000000022280000,0x0000000022380000)]
  0x0000000018963000 JavaThread "Build operations" [_thread_blocked, id=7692, stack(0x0000000022180000,0x0000000022280000)]
  0x0000000018962000 JavaThread "Cache worker for Artifact transforms cache (C:\Users\dayoung\.gradle\caches\transforms-1)" [_thread_blocked, id=17544, stack(0x0000000021e80000,0x0000000021f80000)]
  0x000000001a649000 JavaThread "Cache worker for file hash cache (C:\Users\dayoung\Desktop\diary\.gradle\4.6\fileHashes)" [_thread_blocked, id=2728, stack(0x000000001d020000,0x000000001d120000)]
  0x000000001a99f800 JavaThread "File lock request listener" [_thread_in_native, id=21916, stack(0x000000001bf50000,0x000000001c050000)]
  0x000000001ab2f000 JavaThread "Cache worker for file hash cache (C:\Users\dayoung\.gradle\caches\4.6\fileHashes)" [_thread_blocked, id=364, stack(0x000000001be50000,0x000000001bf50000)]
  0x000000001a927000 JavaThread "Stdin handler" [_thread_blocked, id=22480, stack(0x000000001bb50000,0x000000001bc50000)]
  0x000000001a926800 JavaThread "Asynchronous log dispatcher for DefaultDaemonConnection: socket connection from /127.0.0.1:50615 to /127.0.0.1:50616" [_thread_blocked, id=22888, stack(0x000000001b950000,0x000000001ba50000)]
  0x000000001a69f000 JavaThread "Daemon worker" [_thread_in_vm, id=14452, stack(0x000000001b850000,0x000000001b950000)]
  0x000000001a727800 JavaThread "Cancel handler" [_thread_blocked, id=15280, stack(0x000000001b750000,0x000000001b850000)]
  0x0000000018c3e000 JavaThread "Handler for socket connection from /127.0.0.1:50615 to /127.0.0.1:50616" [_thread_in_native, id=20008, stack(0x000000001b450000,0x000000001b550000)]
  0x0000000018c3b000 JavaThread "Daemon" [_thread_blocked, id=352, stack(0x000000001b350000,0x000000001b450000)]
  0x000000001a72c800 JavaThread "Daemon periodic checks" [_thread_blocked, id=7216, stack(0x000000001b250000,0x000000001b350000)]
  0x000000001a847800 JavaThread "Incoming local TCP Connector on port 50615" [_thread_in_native, id=20164, stack(0x000000001b080000,0x000000001b180000)]
  0x00000000189eb000 JavaThread "Service Thread" daemon [_thread_blocked, id=18820, stack(0x0000000019450000,0x0000000019550000)]
  0x0000000018963800 JavaThread "C1 CompilerThread3" daemon [_thread_blocked, id=1100, stack(0x0000000019350000,0x0000000019450000)]
  0x000000001895a800 JavaThread "C2 CompilerThread2" daemon [_thread_in_native, id=20048, stack(0x0000000019250000,0x0000000019350000)]
  0x00000000169fb800 JavaThread "C2 CompilerThread1" daemon [_thread_in_native, id=13176, stack(0x0000000019150000,0x0000000019250000)]
=>0x00000000169fa000 JavaThread "C2 CompilerThread0" daemon [_thread_in_native, id=13920, stack(0x0000000019050000,0x0000000019150000)]
  0x00000000188fc000 JavaThread "Attach Listener" daemon [_thread_blocked, id=16960, stack(0x0000000018f50000,0x0000000019050000)]
  0x00000000188fb000 JavaThread "Signal Dispatcher" daemon [_thread_blocked, id=17708, stack(0x0000000018e50000,0x0000000018f50000)]
  0x00000000188e0800 JavaThread "Finalizer" daemon [_thread_blocked, id=23480, stack(0x0000000018cc0000,0x0000000018dc0000)]
  0x00000000169eb000 JavaThread "Reference Handler" daemon [_thread_blocked, id=13792, stack(0x00000000187c0000,0x00000000188c0000)]
  0x0000000002b2e000 JavaThread "main" [_thread_blocked, id=4668, stack(0x00000000029f0000,0x0000000002af0000)]

Other Threads:
  0x00000000169e7000 VMThread [stack: 0x00000000186c0000,0x00000000187c0000] [id=14296]
  0x00000000189eb800 WatcherThread [stack: 0x0000000019550000,0x0000000019650000] [id=7908]

VM state:not at safepoint (normal execution)

VM Mutex/Monitor currently owned by a thread: None

Heap:
 PSYoungGen      total 114688K, used 50885K [0x00000000e0000000, 0x00000000e9400000, 0x0000000100000000)
  eden space 103424K, 38% used [0x00000000e0000000,0x00000000e26b1918,0x00000000e6500000)
  from space 11264K, 99% used [0x00000000e6500000,0x00000000e6fffe20,0x00000000e7000000)
  to   space 14336K, 0% used [0x00000000e8600000,0x00000000e8600000,0x00000000e9400000)
 ParOldGen       total 95744K, used 20625K [0x00000000a0000000, 0x00000000a5d80000, 0x00000000e0000000)
  object space 95744K, 21% used [0x00000000a0000000,0x00000000a1424500,0x00000000a5d80000)
 Metaspace       used 50903K, capacity 52318K, committed 52608K, reserved 1095680K
  class space    used 6874K, capacity 7212K, committed 7296K, reserved 1048576K

Card table byte_map: [0x0000000011ff0000,0x0000000012300000] byte_map_base: 0x0000000011af0000

Marking Bits: (ParMarkBitMap*) 0x0000000055765aa0
 Begin Bits: [0x0000000012d00000, 0x0000000014500000)
 End Bits:   [0x0000000014500000, 0x0000000015d00000)

Polling page: 0x0000000000d70000

CodeCache: size=245760Kb used=17359Kb max_used=17359Kb free=228400Kb
 bounds [0x0000000002c30000, 0x0000000003d30000, 0x0000000011c30000]
 total_blobs=5583 nmethods=4818 adapters=677
 compilation: enabled

Compilation events (10 events):
Event: 10.022 Thread 0x0000000018963800 5158       3       org.gradle.model.internal.registry.RuleBindings$NodeAtStateIndex::getByState (38 bytes)
Event: 10.023 Thread 0x0000000018963800 nmethod 5158 0x0000000003d216d0 code [0x0000000003d218c0, 0x0000000003d21f68]
Event: 10.023 Thread 0x0000000018963800 5159       3       org.gradle.model.internal.registry.RuleBindings$NodeAtStateIndex::getByPath (34 bytes)
Event: 10.023 Thread 0x0000000018963800 nmethod 5159 0x0000000003d22290 code [0x0000000003d22440, 0x0000000003d22ab8]
Event: 10.025 Thread 0x0000000018963800 5160       3       java.util.TreeMap::keySet (5 bytes)
Event: 10.025 Thread 0x0000000018963800 nmethod 5160 0x0000000003d22d50 code [0x0000000003d22ee0, 0x0000000003d232f0]
Event: 10.025 Thread 0x0000000018963800 5161       3       java.util.TreeMap$KeySet::size (10 bytes)
Event: 10.025 Thread 0x0000000018963800 nmethod 5161 0x0000000003d23510 code [0x0000000003d23680, 0x0000000003d238a8]
Event: 10.029 Thread 0x0000000018963800 5162       3       org.gradle.api.internal.AbstractClassGenerator::inspectType (524 bytes)
Event: 10.037 Thread 0x0000000018963800 nmethod 5162 0x0000000003d23950 code [0x0000000003d24180, 0x0000000003d2a3d8]

GC Heap History (10 events):
Event: 6.154 GC heap before
{Heap before GC invocations=9 (full 1):
 PSYoungGen      total 70656K, used 66384K [0x00000000e0000000, 0x00000000e6180000, 0x0000000100000000)
  eden space 60416K, 100% used [0x00000000e0000000,0x00000000e3b00000,0x00000000e3b00000)
  from space 10240K, 58% used [0x00000000e3b00000,0x00000000e40d4220,0x00000000e4500000)
  to   space 9728K, 0% used [0x00000000e5800000,0x00000000e5800000,0x00000000e6180000)
 ParOldGen       total 61952K, used 8577K [0x00000000a0000000, 0x00000000a3c80000, 0x00000000e0000000)
  object space 61952K, 13% used [0x00000000a0000000,0x00000000a0860680,0x00000000a3c80000)
 Metaspace       used 30869K, capacity 31458K, committed 31744K, reserved 1077248K
  class space    used 4320K, capacity 4542K, committed 4608K, reserved 1048576K
Event: 6.162 GC heap after
Heap after GC invocations=9 (full 1):
 PSYoungGen      total 89088K, used 9085K [0x00000000e0000000, 0x00000000e7100000, 0x0000000100000000)
  eden space 79360K, 0% used [0x00000000e0000000,0x00000000e0000000,0x00000000e4d80000)
  from space 9728K, 93% used [0x00000000e5800000,0x00000000e60df4b0,0x00000000e6180000)
  to   space 10752K, 0% used [0x00000000e4d80000,0x00000000e4d80000,0x00000000e5800000)
 ParOldGen       total 61952K, used 8585K [0x00000000a0000000, 0x00000000a3c80000, 0x00000000e0000000)
  object space 61952K, 13% used [0x00000000a0000000,0x00000000a0862680,0x00000000a3c80000)
 Metaspace       used 30869K, capacity 31458K, committed 31744K, reserved 1077248K
  class space    used 4320K, capacity 4542K, committed 4608K, reserved 1048576K
}
Event: 6.529 GC heap before
{Heap before GC invocations=10 (full 1):
 PSYoungGen      total 89088K, used 26916K [0x00000000e0000000, 0x00000000e7100000, 0x0000000100000000)
  eden space 79360K, 22% used [0x00000000e0000000,0x00000000e1169d18,0x00000000e4d80000)
  from space 9728K, 93% used [0x00000000e5800000,0x00000000e60df4b0,0x00000000e6180000)
  to   space 10752K, 0% used [0x00000000e4d80000,0x00000000e4d80000,0x00000000e5800000)
 ParOldGen       total 61952K, used 8585K [0x00000000a0000000, 0x00000000a3c80000, 0x00000000e0000000)
  object space 61952K, 13% used [0x00000000a0000000,0x00000000a0862680,0x00000000a3c80000)
 Metaspace       used 34673K, capacity 35290K, committed 35416K, reserved 1079296K
  class space    used 4788K, capacity 5013K, committed 5120K, reserved 1048576K
Event: 6.535 GC heap after
Heap after GC invocations=10 (full 1):
 PSYoungGen      total 90112K, used 8535K [0x00000000e0000000, 0x00000000e7e00000, 0x0000000100000000)
  eden space 79360K, 0% used [0x00000000e0000000,0x00000000e0000000,0x00000000e4d80000)
  from space 10752K, 79% used [0x00000000e4d80000,0x00000000e55d5cf8,0x00000000e5800000)
  to   space 11264K, 0% used [0x00000000e7300000,0x00000000e7300000,0x00000000e7e00000)
 ParOldGen       total 61952K, used 8593K [0x00000000a0000000, 0x00000000a3c80000, 0x00000000e0000000)
  object space 61952K, 13% used [0x00000000a0000000,0x00000000a0864680,0x00000000a3c80000)
 Metaspace       used 34673K, capacity 35290K, committed 35416K, reserved 1079296K
  class space    used 4788K, capacity 5013K, committed 5120K, reserved 1048576K
}
Event: 6.536 GC heap before
{Heap before GC invocations=11 (full 2):
 PSYoungGen      total 90112K, used 8535K [0x00000000e0000000, 0x00000000e7e00000, 0x0000000100000000)
  eden space 79360K, 0% used [0x00000000e0000000,0x00000000e0000000,0x00000000e4d80000)
  from space 10752K, 79% used [0x00000000e4d80000,0x00000000e55d5cf8,0x00000000e5800000)
  to   space 11264K, 0% used [0x00000000e7300000,0x00000000e7300000,0x00000000e7e00000)
 ParOldGen       total 61952K, used 8593K [0x00000000a0000000, 0x00000000a3c80000, 0x00000000e0000000)
  object space 61952K, 13% used [0x00000000a0000000,0x00000000a0864680,0x00000000a3c80000)
 Metaspace       used 34673K, capacity 35290K, committed 35416K, reserved 1079296K
  class space    used 4788K, capacity 5013K, committed 5120K, reserved 1048576K
Event: 6.602 GC heap after
Heap after GC invocations=11 (full 2):
 PSYoungGen      total 90112K, used 0K [0x00000000e0000000, 0x00000000e7e00000, 0x0000000100000000)
  eden space 79360K, 0% used [0x00000000e0000000,0x00000000e0000000,0x00000000e4d80000)
  from space 10752K, 0% used [0x00000000e4d80000,0x00000000e4d80000,0x00000000e5800000)
  to   space 11264K, 0% used [0x00000000e7300000,0x00000000e7300000,0x00000000e7e00000)
 ParOldGen       total 95744K, used 15520K [0x00000000a0000000, 0x00000000a5d80000, 0x00000000e0000000)
  object space 95744K, 16% used [0x00000000a0000000,0x00000000a0f28010,0x00000000a5d80000)
 Metaspace       used 34673K, capacity 35290K, committed 35416K, reserved 1079296K
  class space    used 4788K, capacity 5013K, committed 5120K, reserved 1048576K
}
Event: 7.589 GC heap before
{Heap before GC invocations=12 (full 2):
 PSYoungGen      total 90112K, used 79360K [0x00000000e0000000, 0x00000000e7e00000, 0x0000000100000000)
  eden space 79360K, 100% used [0x00000000e0000000,0x00000000e4d80000,0x00000000e4d80000)
  from space 10752K, 0% used [0x00000000e4d80000,0x00000000e4d80000,0x00000000e5800000)
  to   space 11264K, 0% used [0x00000000e7300000,0x00000000e7300000,0x00000000e7e00000)
 ParOldGen       total 95744K, used 15520K [0x00000000a0000000, 0x00000000a5d80000, 0x00000000e0000000)
  object space 95744K, 16% used [0x00000000a0000000,0x00000000a0f28010,0x00000000a5d80000)
 Metaspace       used 39029K, capacity 39716K, committed 39936K, reserved 1083392K
  class space    used 5321K, capacity 5544K, committed 5632K, reserved 1048576K
Event: 7.596 GC heap after
Heap after GC invocations=12 (full 2):
 PSYoungGen      total 107520K, used 7841K [0x00000000e0000000, 0x00000000e7b00000, 0x0000000100000000)
  eden space 99328K, 0% used [0x00000000e0000000,0x00000000e0000000,0x00000000e6100000)
  from space 8192K, 95% used [0x00000000e7300000,0x00000000e7aa87d0,0x00000000e7b00000)
  to   space 11264K, 0% used [0x00000000e6500000,0x00000000e6500000,0x00000000e7000000)
 ParOldGen       total 95744K, used 15528K [0x00000000a0000000, 0x00000000a5d80000, 0x00000000e0000000)
  object space 95744K, 16% used [0x00000000a0000000,0x00000000a0f2a010,0x00000000a5d80000)
 Metaspace       used 39029K, capacity 39716K, committed 39936K, reserved 1083392K
  class space    used 5321K, capacity 5544K, committed 5632K, reserved 1048576K
}
Event: 9.190 GC heap before
{Heap before GC invocations=13 (full 2):
 PSYoungGen      total 107520K, used 107169K [0x00000000e0000000, 0x00000000e7b00000, 0x0000000100000000)
  eden space 99328K, 100% used [0x00000000e0000000,0x00000000e6100000,0x00000000e6100000)
  from space 8192K, 95% used [0x00000000e7300000,0x00000000e7aa87d0,0x00000000e7b00000)
  to   space 11264K, 0% used [0x00000000e6500000,0x00000000e6500000,0x00000000e7000000)
 ParOldGen       total 95744K, used 15528K [0x00000000a0000000, 0x00000000a5d80000, 0x00000000e0000000)
  object space 95744K, 16% used [0x00000000a0000000,0x00000000a0f2a010,0x00000000a5d80000)
 Metaspace       used 47231K, capacity 48228K, committed 48512K, reserved 1091584K
  class space    used 6358K, capacity 6657K, committed 6784K, reserved 1048576K
Event: 9.202 GC heap after
Heap after GC invocations=13 (full 2):
 PSYoungGen      total 114688K, used 11263K [0x00000000e0000000, 0x00000000e9400000, 0x0000000100000000)
  eden space 103424K, 0% used [0x00000000e0000000,0x00000000e0000000,0x00000000e6500000)
  from space 11264K, 99% used [0x00000000e6500000,0x00000000e6fffe20,0x00000000e7000000)
  to   space 14336K, 0% used [0x00000000e8600000,0x00000000e8600000,0x00000000e9400000)
 ParOldGen       total 95744K, used 20625K [0x00000000a0000000, 0x00000000a5d80000, 0x00000000e0000000)
  object space 95744K, 21% used [0x00000000a0000000,0x00000000a1424500,0x00000000a5d80000)
 Metaspace       used 47231K, capacity 48228K, committed 48512K, reserved 1091584K
  class space    used 6358K, capacity 6657K, committed 6784K, reserved 1048576K
}

Deoptimization events (10 events):
Event: 8.925 Thread 0x000000001a69f000 Uncommon trap: reason=unstable_if action=reinterpret pc=0x00000000034e64e8 method=java.util.regex.Pattern$BmpCharProperty.match(Ljava/util/regex/Matcher;ILjava/lang/CharSequence;)Z @ 34
Event: 9.238 Thread 0x000000001a69f000 Uncommon trap: reason=unstable_if action=reinterpret pc=0x0000000003adb648 method=com.sun.org.apache.xerces.internal.impl.io.UTF8Reader.read([CII)I @ 131
Event: 9.239 Thread 0x000000001a69f000 Uncommon trap: reason=unstable_if action=reinterpret pc=0x0000000003addae8 method=com.sun.org.apache.xerces.internal.impl.io.UTF8Reader.read([CII)I @ 131
Event: 9.239 Thread 0x000000001a69f000 Uncommon trap: reason=unstable_if action=reinterpret pc=0x0000000003a9da5c method=java.util.regex.Pattern$BitClass.isSatisfiedBy(I)Z @ 4
Event: 9.239 Thread 0x000000001a69f000 Uncommon trap: reason=unstable_if action=reinterpret pc=0x0000000003a6958c method=java.util.regex.Pattern$Ctype.isSatisfiedBy(I)Z @ 4
Event: 9.425 Thread 0x000000001a69f000 Uncommon trap: reason=unstable_if action=reinterpret pc=0x0000000003ab4a58 method=com.sun.org.apache.xerces.internal.impl.XMLEntityScanner.scanContent(Lcom/sun/org/apache/xerces/internal/xni/XMLString;)I @ 44
Event: 9.426 Thread 0x000000001a69f000 Uncommon trap: reason=unstable_if action=reinterpret pc=0x0000000003a56e34 method=com.sun.org.apache.xerces.internal.impl.XMLEntityScanner.checkBeforeLoad(Lcom/sun/xml/internal/stream/Entity$ScannedEntity;II)I @ 18
Event: 9.506 Thread 0x000000001a69f000 Uncommon trap: reason=unstable_if action=reinterpret pc=0x0000000003890e60 method=com.google.gson.stream.JsonReader.doPeek()I @ 315
Event: 9.910 Thread 0x000000001a69f000 Uncommon trap: reason=class_check action=maybe_recompile pc=0x00000000035179ac method=java.io.BufferedInputStream.read1([BII)I @ 39
Event: 9.910 Thread 0x000000001a69f000 Uncommon trap: reason=class_check action=maybe_recompile pc=0x00000000033e3398 method=java.io.BufferedInputStream.read1([BII)I @ 39

Classes redefined (0 events):
No events

Internal exceptions (10 events):
Event: 9.379 Thread 0x000000001a69f000 Exception <a 'sun/nio/fs/WindowsException'> (0x00000000e0a60040) thrown at [D:\src\AOSP-openjdk-cygwin\jdk8u\hotspot\src\share\vm\prims\jni.cpp, line 709]
Event: 9.380 Thread 0x000000001a69f000 Exception <a 'sun/nio/fs/WindowsException'> (0x00000000e0a63928) thrown at [D:\src\AOSP-openjdk-cygwin\jdk8u\hotspot\src\share\vm\prims\jni.cpp, line 709]
Event: 9.380 Thread 0x000000001a69f000 Exception <a 'sun/nio/fs/WindowsException'> (0x00000000e0a645f0) thrown at [D:\src\AOSP-openjdk-cygwin\jdk8u\hotspot\src\share\vm\prims\jni.cpp, line 709]
Event: 9.381 Thread 0x000000001a69f000 Exception <a 'sun/nio/fs/WindowsException'> (0x00000000e0a662f8) thrown at [D:\src\AOSP-openjdk-cygwin\jdk8u\hotspot\src\share\vm\prims\jni.cpp, line 709]
Event: 9.381 Thread 0x000000001a69f000 Exception <a 'sun/nio/fs/WindowsException'> (0x00000000e0a66ff8) thrown at [D:\src\AOSP-openjdk-cygwin\jdk8u\hotspot\src\share\vm\prims\jni.cpp, line 709]
Event: 9.469 Thread 0x000000001a69f000 Exception <a 'java/lang/NoSuchMethodError': java.lang.Object.lambda$comparing$77a9974f$1(Ljava/util/function/Function;Ljava/lang/Object;Ljava/lang/Object;)I> (0x00000000e0c2b300) thrown at [D:\src\AOSP-openjdk-cygwin\jdk8u\hotspot\src\share\vm\interpreter
Event: 9.471 Thread 0x000000001a69f000 Exception <a 'java/lang/NoSuchMethodError': java.lang.Object.lambda$thenComparing$36697e65$1(Ljava/util/Comparator;Ljava/lang/Object;Ljava/lang/Object;)I> (0x00000000e0c36980) thrown at [D:\src\AOSP-openjdk-cygwin\jdk8u\hotspot\src\share\vm\interpreter\li
Event: 9.485 Thread 0x000000001a69f000 Exception <a 'java/lang/NoSuchMethodError': java.lang.Object.lambda$maxBy$1(Ljava/util/Comparator;Ljava/lang/Object;Ljava/lang/Object;)Ljava/lang/Object;> (0x00000000e0cde288) thrown at [D:\src\AOSP-openjdk-cygwin\jdk8u\hotspot\src\share\vm\interpreter\li
Event: 9.686 Thread 0x000000001a69f000 Exception <a 'java/lang/ClassNotFoundException': org/gradle/api/plugins/BasePluginConventionBeanInfo> (0x00000000e14de580) thrown at [D:\src\AOSP-openjdk-cygwin\jdk8u\hotspot\src\share\vm\classfile\systemDictionary.cpp, line 210]
Event: 9.687 Thread 0x000000001a69f000 Exception <a 'java/lang/ClassNotFoundException': org/gradle/api/plugins/BasePluginConventionCustomizer> (0x00000000e1502ed0) thrown at [D:\src\AOSP-openjdk-cygwin\jdk8u\hotspot\src\share\vm\classfile\systemDictionary.cpp, line 210]

Events (10 events):
Event: 10.028 loading class org/gradle/api/tasks/SkipWhenEmpty
Event: 10.028 loading class org/gradle/api/tasks/SkipWhenEmpty done
Event: 10.034 loading class com/android/build/gradle/internal/core/VariantConfiguration
Event: 10.034 loading class com/android/build/gradle/internal/core/VariantConfiguration done
Event: 10.036 loading class com/android/build/gradle/tasks/ExternalNativeBuildTaskUtils
Event: 10.037 loading class com/android/build/gradle/tasks/ExternalNativeBuildTaskUtils done
Event: 10.038 loading class com/android/ide/common/process/BuildCommandException
Event: 10.038 loading class com/android/ide/common/process/BuildCommandException done
Event: 10.039 loading class com/android/build/gradle/tasks/NdkCompile$ConfigAction
Event: 10.039 loading class com/android/build/gradle/tasks/NdkCompile$ConfigAction done


Dynamic libraries:
0x00007ff769980000 - 0x00007ff7699b1000 	C:\Program Files\Android\Android Studio\jre\bin\java.exe
0x00007fff98680000 - 0x00007fff98861000 	C:\WINDOWS\SYSTEM32\ntdll.dll
0x00007fff95b10000 - 0x00007fff95bc2000 	C:\WINDOWS\System32\KERNEL32.DLL
0x00007fff94ec0000 - 0x00007fff95133000 	C:\WINDOWS\System32\KERNELBASE.dll
0x00007fff96150000 - 0x00007fff961f1000 	C:\WINDOWS\System32\ADVAPI32.dll
0x00007fff95dd0000 - 0x00007fff95e6e000 	C:\WINDOWS\System32\msvcrt.dll
0x00007fff969c0000 - 0x00007fff96a1b000 	C:\WINDOWS\System32\sechost.dll
0x00007fff97f10000 - 0x00007fff98034000 	C:\WINDOWS\System32\RPCRT4.dll
0x00007fff98190000 - 0x00007fff98320000 	C:\WINDOWS\System32\USER32.dll
0x00007fff94b50000 - 0x00007fff94b70000 	C:\WINDOWS\System32\win32u.dll
0x00007fff98160000 - 0x00007fff98188000 	C:\WINDOWS\System32\GDI32.dll
0x00007fff951e0000 - 0x00007fff95372000 	C:\WINDOWS\System32\gdi32full.dll
0x00007fff95140000 - 0x00007fff951df000 	C:\WINDOWS\System32\msvcp_win.dll
0x00007fff94a50000 - 0x00007fff94b4a000 	C:\WINDOWS\System32\ucrtbase.dll
0x00007fff82820000 - 0x00007fff82a89000 	C:\WINDOWS\WinSxS\amd64_microsoft.windows.common-controls_6595b64144ccf1df_6.0.17134.345_none_fb429a5930656358\COMCTL32.dll
0x00007fff98320000 - 0x00007fff98643000 	C:\WINDOWS\System32\combase.dll
0x00007fff95380000 - 0x00007fff953fa000 	C:\WINDOWS\System32\bcryptPrimitives.dll
0x00007fff96120000 - 0x00007fff9614d000 	C:\WINDOWS\System32\IMM32.DLL
0x0000000057130000 - 0x0000000057202000 	C:\Program Files\Android\Android Studio\jre\jre\bin\msvcr100.dll
0x0000000054fa0000 - 0x00000000557e1000 	C:\Program Files\Android\Android Studio\jre\jre\bin\server\jvm.dll
0x00007fff98150000 - 0x00007fff98158000 	C:\WINDOWS\System32\PSAPI.DLL
0x00007fff84b90000 - 0x00007fff84b9a000 	C:\WINDOWS\SYSTEM32\VERSION.dll
0x00007fff92a60000 - 0x00007fff92a83000 	C:\WINDOWS\SYSTEM32\WINMM.dll
0x00007fff84d10000 - 0x00007fff84d19000 	C:\WINDOWS\SYSTEM32\WSOCK32.dll
0x00007fff980e0000 - 0x00007fff9814c000 	C:\WINDOWS\System32\WS2_32.dll
0x00007fff924d0000 - 0x00007fff924fa000 	C:\WINDOWS\SYSTEM32\WINMMBASE.dll
0x00007fff94b70000 - 0x00007fff94bb9000 	C:\WINDOWS\System32\cfgmgr32.dll
0x00007fff8f420000 - 0x00007fff8f42f000 	C:\Program Files\Android\Android Studio\jre\jre\bin\verify.dll
0x00007fff8da70000 - 0x00007fff8da99000 	C:\Program Files\Android\Android Studio\jre\jre\bin\java.dll
0x00007fff8c770000 - 0x00007fff8c786000 	C:\Program Files\Android\Android Studio\jre\jre\bin\zip.dll
0x00007fff96a20000 - 0x00007fff97e5f000 	C:\WINDOWS\System32\SHELL32.dll
0x00007fff97e60000 - 0x00007fff97f09000 	C:\WINDOWS\System32\shcore.dll
0x00007fff95400000 - 0x00007fff95b0d000 	C:\WINDOWS\System32\windows.storage.dll
0x00007fff95d70000 - 0x00007fff95dc1000 	C:\WINDOWS\System32\shlwapi.dll
0x00007fff94a30000 - 0x00007fff94a41000 	C:\WINDOWS\System32\kernel.appcore.dll
0x00007fff94a10000 - 0x00007fff94a2f000 	C:\WINDOWS\System32\profapi.dll
0x00007fff949c0000 - 0x00007fff94a0c000 	C:\WINDOWS\System32\powrprof.dll
0x00007fff949b0000 - 0x00007fff949ba000 	C:\WINDOWS\System32\FLTLIB.DLL
0x00007fff8c750000 - 0x00007fff8c76a000 	C:\Program Files\Android\Android Studio\jre\jre\bin\net.dll
0x00007fff94210000 - 0x00007fff94276000 	C:\WINDOWS\system32\mswsock.dll
0x00007fff8c730000 - 0x00007fff8c741000 	C:\Program Files\Android\Android Studio\jre\jre\bin\nio.dll
0x00007fff8c440000 - 0x00007fff8c45e000 	C:\Users\dayoung\.gradle\native\25\windows-amd64\native-platform.dll
0x00007fff8e4b0000 - 0x00007fff8e4bd000 	C:\Program Files\Android\Android Studio\jre\jre\bin\management.dll
0x00007fff943c0000 - 0x00007fff943d7000 	C:\WINDOWS\SYSTEM32\CRYPTSP.dll
0x00007fff93df0000 - 0x00007fff93e23000 	C:\WINDOWS\system32\rsaenh.dll
0x00007fff944f0000 - 0x00007fff94515000 	C:\WINDOWS\SYSTEM32\bcrypt.dll
0x00007fff948c0000 - 0x00007fff948e8000 	C:\WINDOWS\SYSTEM32\USERENV.dll
0x00007fff943e0000 - 0x00007fff943eb000 	C:\WINDOWS\SYSTEM32\CRYPTBASE.dll
0x00007fff93f90000 - 0x00007fff93fc8000 	C:\WINDOWS\SYSTEM32\IPHLPAPI.DLL
0x00007fff96470000 - 0x00007fff96478000 	C:\WINDOWS\System32\NSI.dll
0x00007fff89a10000 - 0x00007fff89a26000 	C:\WINDOWS\SYSTEM32\dhcpcsvc6.DLL
0x00007fff8e110000 - 0x00007fff8e12a000 	C:\WINDOWS\SYSTEM32\dhcpcsvc.DLL

VM Arguments:
jvm_args: -Xmx1536m -Dfile.encoding=x-windows-949 -Duser.country=KR -Duser.language=ko -Duser.variant 
java_command: org.gradle.launcher.daemon.bootstrap.GradleDaemon 4.6
java_class_path (initial): C:\Users\dayoung\.gradle\wrapper\dists\gradle-4.6-all\bcst21l2brirad8k2ben1letg\gradle-4.6\lib\gradle-launcher-4.6.jar
Launcher Type: SUN_STANDARD

Environment Variables:
PATH=C:\app\dayoung\product\11.2.0\dbhome_1\bin;C:\Program Files (x86)\Common Files\Oracle\Java\javapath;C:\WINDOWS\system32;C:\WINDOWS;C:\WINDOWS\System32\Wbem;C:\WINDOWS\System32\WindowsPowerShell\v1.0\;C:\WINDOWS\System32\OpenSSH\;C:\Program Files\Git\cmd;C:\Program Files\nodejs\;C:\Program Files\Intel\WiFi\bin\;C:\Program Files\Common Files\Intel\WirelessCommon\;C:\Program Files\Git\bin;C:\Program Files\Bandizip\;C:\Program Files\Java\jdk1.8.0_171\bin;C:\OpenSSL-Win64\bin;C:\Users\dayoung\.android;;C:\Users\dayoung\AppData\Local\Programs\Microsoft VS Code\bin;C:\Users\dayoung\AppData\Roaming\npm
USERNAME=dayoung
OS=Windows_NT
PROCESSOR_IDENTIFIER=Intel64 Family 6 Model 142 Stepping 10, GenuineIntel



---------------  S Y S T E M  ---------------

OS: Windows 10.0 , 64 bit Build 17134 (10.0.17134.1)

CPU:total 8 (initial active 8) (4 cores per cpu, 2 threads per core) family 6 model 142 stepping 10, cmov, cx8, fxsr, mmx, sse, sse2, sse3, ssse3, sse4.1, sse4.2, popcnt, avx, avx2, aes, clmul, erms, 3dnowpref, lzcnt, ht, tsc, tscinvbit, bmi1, bmi2, adx

Memory: 4k page, physical 8268952k(702716k free), swap 23819412k(4696k free)

vm_info: OpenJDK 64-Bit Server VM (25.152-b06) for windows-amd64 JRE (1.8.0_152-release-1136-b06), built by "builder" with MS VC++ 10.0 (VS2010)

time: Fri Oct 26 19:33:42 2018
elapsed time: 10 seconds (0d 0h 0m 10s)

