#
# There is insufficient memory for the Java Runtime Environment to continue.
# Native memory allocation (malloc) failed to allocate 1229456 bytes for Chunk::new
# Possible reasons:
#   The system is out of physical RAM or swap space
#   In 32 bit mode, the process size limit was hit
# Possible solutions:
#   Reduce memory load on the system
#   Increase physical memory or swap space
#   Check if swap backing store is full
#   Use 64 bit Java on a 64 bit OS
#   Decrease Java heap size (-Xmx/-Xms)
#   Decrease number of Java threads
#   Decrease Java thread stack sizes (-Xss)
#   Set larger code cache with -XX:ReservedCodeCacheSize=
# This output file may be truncated or incomplete.
#
#  Out of Memory Error (allocation.cpp:390), pid=18552, tid=0x0000000000004fb8
#
# JRE version: OpenJDK Runtime Environment (8.0_152-b06) (build 1.8.0_152-release-1136-b06)
# Java VM: OpenJDK 64-Bit Server VM (25.152-b06 mixed mode windows-amd64 compressed oops)
# Failed to write core dump. Minidumps are not enabled by default on client versions of Windows
#

---------------  T H R E A D  ---------------

Current thread (0x0000000016dbe800):  JavaThread "C2 CompilerThread1" daemon [_thread_in_native, id=20408, stack(0x0000000019490000,0x0000000019590000)]

Stack: [0x0000000019490000,0x0000000019590000]
[error occurred during error reporting (printing stack bounds), id 0xc0000005]

Native frames: (J=compiled Java code, j=interpreted, Vv=VM code, C=native code)


Current CompileTask:
C2:   7676 4957       4       java.net.URLClassLoader$1::run (5 bytes)


---------------  P R O C E S S  ---------------

Java Threads: ( => current thread )
  0x000000001e6ee000 JavaThread "Memory manager" [_thread_blocked, id=19756, stack(0x0000000023160000,0x0000000023260000)]
  0x000000001e6e6800 JavaThread "pool-1-thread-1" [_thread_blocked, id=22968, stack(0x0000000022e60000,0x0000000022f60000)]
  0x000000001e6e9800 JavaThread "Build operations Thread 8" [_thread_blocked, id=16004, stack(0x0000000022890000,0x0000000022990000)]
  0x000000001e6e8800 JavaThread "Build operations Thread 7" [_thread_blocked, id=12532, stack(0x0000000022790000,0x0000000022890000)]
  0x000000001e6e5800 JavaThread "Build operations Thread 6" [_thread_blocked, id=4360, stack(0x0000000022690000,0x0000000022790000)]
  0x000000001e6eb000 JavaThread "Build operations Thread 5" [_thread_blocked, id=16324, stack(0x0000000022590000,0x0000000022690000)]
  0x000000001e6e8000 JavaThread "Build operations Thread 4" [_thread_blocked, id=12060, stack(0x00000000221f0000,0x00000000222f0000)]
  0x0000000018d33800 JavaThread "Build operations Thread 3" [_thread_blocked, id=20992, stack(0x00000000220f0000,0x00000000221f0000)]
  0x0000000018d34800 JavaThread "Build operations Thread 2" [_thread_blocked, id=20936, stack(0x0000000021ff0000,0x00000000220f0000)]
  0x0000000018d32000 JavaThread "Build operations" [_thread_blocked, id=14132, stack(0x000000001f8a0000,0x000000001f9a0000)]
  0x0000000018d2f000 JavaThread "Cache worker for Artifact transforms cache (C:\Users\dayoung\.gradle\caches\transforms-1)" [_thread_blocked, id=3300, stack(0x000000001f7a0000,0x000000001f8a0000)]
  0x000000001c4c7000 JavaThread "Cache worker for file hash cache (C:\Users\dayoung\Desktop\diary\.gradle\4.6\fileHashes)" [_thread_blocked, id=20364, stack(0x000000001d300000,0x000000001d400000)]
  0x000000001ae8b000 JavaThread "File lock request listener" [_thread_in_native, id=10980, stack(0x000000001c230000,0x000000001c330000)]
  0x000000001ac73800 JavaThread "Cache worker for file hash cache (C:\Users\dayoung\.gradle\caches\4.6\fileHashes)" [_thread_blocked, id=22864, stack(0x000000001c130000,0x000000001c230000)]
  0x000000001ac06000 JavaThread "Stdin handler" [_thread_blocked, id=4808, stack(0x000000001be30000,0x000000001bf30000)]
  0x000000001ac04800 JavaThread "Asynchronous log dispatcher for DefaultDaemonConnection: socket connection from /127.0.0.1:50025 to /127.0.0.1:50026" [_thread_blocked, id=9856, stack(0x000000001bc30000,0x000000001bd30000)]
  0x000000001ac0e000 JavaThread "Daemon worker" [_thread_in_vm, id=1692, stack(0x000000001bb30000,0x000000001bc30000)]
  0x000000001ac0c800 JavaThread "Cancel handler" [_thread_blocked, id=19868, stack(0x000000001ba30000,0x000000001bb30000)]
  0x000000001a98a800 JavaThread "Handler for socket connection from /127.0.0.1:50025 to /127.0.0.1:50026" [_thread_in_native, id=13108, stack(0x000000001b730000,0x000000001b830000)]
  0x000000001a989000 JavaThread "Daemon" [_thread_blocked, id=7188, stack(0x000000001b630000,0x000000001b730000)]
  0x000000001a992000 JavaThread "Daemon periodic checks" [_thread_blocked, id=5688, stack(0x000000001b530000,0x000000001b630000)]
  0x000000001a8a5000 JavaThread "Incoming local TCP Connector on port 50025" [_thread_in_native, id=14048, stack(0x000000001b360000,0x000000001b460000)]
  0x0000000018dca800 JavaThread "Service Thread" daemon [_thread_blocked, id=15536, stack(0x0000000019790000,0x0000000019890000)]
  0x0000000018d32800 JavaThread "C1 CompilerThread3" daemon [_thread_blocked, id=11440, stack(0x0000000019690000,0x0000000019790000)]
  0x0000000018d2f800 JavaThread "C2 CompilerThread2" daemon [_thread_blocked, id=22160, stack(0x0000000019590000,0x0000000019690000)]
=>0x0000000016dbe800 JavaThread "C2 CompilerThread1" daemon [_thread_in_native, id=20408, stack(0x0000000019490000,0x0000000019590000)]
  0x0000000018d20800 JavaThread "C2 CompilerThread0" daemon [_thread_in_native, id=14600, stack(0x0000000019390000,0x0000000019490000)]
  0x0000000018ccc000 JavaThread "Attach Listener" daemon [_thread_blocked, id=4280, stack(0x0000000019290000,0x0000000019390000)]
  0x0000000018ccb000 JavaThread "Signal Dispatcher" daemon [_thread_blocked, id=10836, stack(0x0000000019190000,0x0000000019290000)]
  0x0000000002fee800 JavaThread "Finalizer" daemon [_thread_blocked, id=19960, stack(0x0000000019090000,0x0000000019190000)]
  0x0000000002fe7000 JavaThread "Reference Handler" daemon [_thread_blocked, id=2164, stack(0x0000000018b90000,0x0000000018c90000)]
  0x0000000002a8e000 JavaThread "main" [_thread_blocked, id=15604, stack(0x0000000002df0000,0x0000000002ef0000)]

Other Threads:
  0x0000000016da7800 VMThread [stack: 0x0000000018a90000,0x0000000018b90000] [id=19652]
  0x0000000018dcb800 WatcherThread [stack: 0x0000000019890000,0x0000000019990000] [id=9864]

VM state:not at safepoint (normal execution)

VM Mutex/Monitor currently owned by a thread: None

Heap:
 PSYoungGen      total 103936K, used 45493K [0x00000000e0000000, 0x00000000e7180000, 0x0000000100000000)
  eden space 92672K, 36% used [0x00000000e0000000,0x00000000e216e058,0x00000000e5a80000)
  from space 11264K, 99% used [0x00000000e5b80000,0x00000000e667f500,0x00000000e6680000)
  to   space 7680K, 0% used [0x00000000e6a00000,0x00000000e6a00000,0x00000000e7180000)
 ParOldGen       total 97792K, used 20383K [0x00000000a0000000, 0x00000000a5f80000, 0x00000000e0000000)
  object space 97792K, 20% used [0x00000000a0000000,0x00000000a13e7df0,0x00000000a5f80000)
 Metaspace       used 49810K, capacity 51100K, committed 51328K, reserved 1093632K
  class space    used 6684K, capacity 7039K, committed 7040K, reserved 1048576K

Card table byte_map: [0x00000000123b0000,0x00000000126c0000] byte_map_base: 0x0000000011eb0000

Marking Bits: (ParMarkBitMap*) 0x0000000055765aa0
 Begin Bits: [0x00000000130c0000, 0x00000000148c0000)
 End Bits:   [0x00000000148c0000, 0x00000000160c0000)

Polling page: 0x0000000000c30000

CodeCache: size=245760Kb used=16175Kb max_used=16175Kb free=229584Kb
 bounds [0x0000000002ff0000, 0x0000000003fd0000, 0x0000000011ff0000]
 total_blobs=5475 nmethods=4711 adapters=674
 compilation: enabled

Compilation events (10 events):
Event: 7.666 Thread 0x0000000018d32800 nmethod 5069 0x0000000003fb7d50 code [0x0000000003fb7ec0, 0x0000000003fb8198]
Event: 7.666 Thread 0x0000000018d32800 5072       3       org.gradle.internal.Actions::filter (10 bytes)
Event: 7.666 Thread 0x0000000018d32800 nmethod 5072 0x0000000003fb8290 code [0x0000000003fb8400, 0x0000000003fb8670]
Event: 7.666 Thread 0x0000000018d32800 5073       3       org.gradle.internal.Actions$FilteredAction::<init> (15 bytes)
Event: 7.666 Thread 0x0000000018d32800 nmethod 5073 0x0000000003fb8790 code [0x0000000003fb88e0, 0x0000000003fb8ab0]
Event: 7.666 Thread 0x0000000018d32800 5066       3       org.gradle.api.internal.DefaultNamedDomainObjectCollection::hasWithName (14 bytes)
Event: 7.666 Thread 0x0000000018d32800 nmethod 5066 0x0000000003fb8b50 code [0x0000000003fb8cc0, 0x0000000003fb9008]
Event: 7.666 Thread 0x0000000018d32800 5074       3       java.lang.invoke.MethodHandles$Lookup::getDirectMethodCommon (271 bytes)
Event: 7.667 Thread 0x0000000018d32800 nmethod 5074 0x0000000003fb9110 code [0x0000000003fb9420, 0x0000000003fbae98]
Event: 7.667 Thread 0x0000000018d32800 5075       3       java.lang.invoke.MethodHandles$Lookup::checkMethod (83 bytes)

GC Heap History (10 events):
Event: 4.764 GC heap before
{Heap before GC invocations=9 (full 1):
 PSYoungGen      total 70656K, used 66813K [0x00000000e0000000, 0x00000000e5c80000, 0x0000000100000000)
  eden space 60416K, 100% used [0x00000000e0000000,0x00000000e3b00000,0x00000000e3b00000)
  from space 10240K, 62% used [0x00000000e3b00000,0x00000000e413f5d0,0x00000000e4500000)
  to   space 9728K, 0% used [0x00000000e5300000,0x00000000e5300000,0x00000000e5c80000)
 ParOldGen       total 62464K, used 8406K [0x00000000a0000000, 0x00000000a3d00000, 0x00000000e0000000)
  object space 62464K, 13% used [0x00000000a0000000,0x00000000a0835ac8,0x00000000a3d00000)
 Metaspace       used 30748K, capacity 31406K, committed 31744K, reserved 1077248K
  class space    used 4311K, capacity 4532K, committed 4608K, reserved 1048576K
Event: 4.772 GC heap after
Heap after GC invocations=9 (full 1):
 PSYoungGen      total 83968K, used 9350K [0x00000000e0000000, 0x00000000e6c80000, 0x0000000100000000)
  eden space 74240K, 0% used [0x00000000e0000000,0x00000000e0000000,0x00000000e4880000)
  from space 9728K, 96% used [0x00000000e5300000,0x00000000e5c218c8,0x00000000e5c80000)
  to   space 10752K, 0% used [0x00000000e4880000,0x00000000e4880000,0x00000000e5300000)
 ParOldGen       total 62464K, used 8414K [0x00000000a0000000, 0x00000000a3d00000, 0x00000000e0000000)
  object space 62464K, 13% used [0x00000000a0000000,0x00000000a0837ac8,0x00000000a3d00000)
 Metaspace       used 30748K, capacity 31406K, committed 31744K, reserved 1077248K
  class space    used 4311K, capacity 4532K, committed 4608K, reserved 1048576K
}
Event: 5.008 GC heap before
{Heap before GC invocations=10 (full 1):
 PSYoungGen      total 83968K, used 27492K [0x00000000e0000000, 0x00000000e6c80000, 0x0000000100000000)
  eden space 74240K, 24% used [0x00000000e0000000,0x00000000e11b79d8,0x00000000e4880000)
  from space 9728K, 96% used [0x00000000e5300000,0x00000000e5c218c8,0x00000000e5c80000)
  to   space 10752K, 0% used [0x00000000e4880000,0x00000000e4880000,0x00000000e5300000)
 ParOldGen       total 62464K, used 8414K [0x00000000a0000000, 0x00000000a3d00000, 0x00000000e0000000)
  object space 62464K, 13% used [0x00000000a0000000,0x00000000a0837ac8,0x00000000a3d00000)
 Metaspace       used 34581K, capacity 35246K, committed 35416K, reserved 1079296K
  class space    used 4798K, capacity 5025K, committed 5120K, reserved 1048576K
Event: 5.013 GC heap after
Heap after GC invocations=10 (full 1):
 PSYoungGen      total 84992K, used 9103K [0x00000000e0000000, 0x00000000e7500000, 0x0000000100000000)
  eden space 74240K, 0% used [0x00000000e0000000,0x00000000e0000000,0x00000000e4880000)
  from space 10752K, 84% used [0x00000000e4880000,0x00000000e5163f90,0x00000000e5300000)
  to   space 11264K, 0% used [0x00000000e6a00000,0x00000000e6a00000,0x00000000e7500000)
 ParOldGen       total 62464K, used 8422K [0x00000000a0000000, 0x00000000a3d00000, 0x00000000e0000000)
  object space 62464K, 13% used [0x00000000a0000000,0x00000000a0839ac8,0x00000000a3d00000)
 Metaspace       used 34581K, capacity 35246K, committed 35416K, reserved 1079296K
  class space    used 4798K, capacity 5025K, committed 5120K, reserved 1048576K
}
Event: 5.013 GC heap before
{Heap before GC invocations=11 (full 2):
 PSYoungGen      total 84992K, used 9103K [0x00000000e0000000, 0x00000000e7500000, 0x0000000100000000)
  eden space 74240K, 0% used [0x00000000e0000000,0x00000000e0000000,0x00000000e4880000)
  from space 10752K, 84% used [0x00000000e4880000,0x00000000e5163f90,0x00000000e5300000)
  to   space 11264K, 0% used [0x00000000e6a00000,0x00000000e6a00000,0x00000000e7500000)
 ParOldGen       total 62464K, used 8422K [0x00000000a0000000, 0x00000000a3d00000, 0x00000000e0000000)
  object space 62464K, 13% used [0x00000000a0000000,0x00000000a0839ac8,0x00000000a3d00000)
 Metaspace       used 34581K, capacity 35246K, committed 35416K, reserved 1079296K
  class space    used 4798K, capacity 5025K, committed 5120K, reserved 1048576K
Event: 5.065 GC heap after
Heap after GC invocations=11 (full 2):
 PSYoungGen      total 84992K, used 0K [0x00000000e0000000, 0x00000000e7500000, 0x0000000100000000)
  eden space 74240K, 0% used [0x00000000e0000000,0x00000000e0000000,0x00000000e4880000)
  from space 10752K, 0% used [0x00000000e4880000,0x00000000e4880000,0x00000000e5300000)
  to   space 11264K, 0% used [0x00000000e6a00000,0x00000000e6a00000,0x00000000e7500000)
 ParOldGen       total 97792K, used 15760K [0x00000000a0000000, 0x00000000a5f80000, 0x00000000e0000000)
  object space 97792K, 16% used [0x00000000a0000000,0x00000000a0f64038,0x00000000a5f80000)
 Metaspace       used 34581K, capacity 35246K, committed 35416K, reserved 1079296K
  class space    used 4798K, capacity 5025K, committed 5120K, reserved 1048576K
}
Event: 5.745 GC heap before
{Heap before GC invocations=12 (full 2):
 PSYoungGen      total 84992K, used 74240K [0x00000000e0000000, 0x00000000e7500000, 0x0000000100000000)
  eden space 74240K, 100% used [0x00000000e0000000,0x00000000e4880000,0x00000000e4880000)
  from space 10752K, 0% used [0x00000000e4880000,0x00000000e4880000,0x00000000e5300000)
  to   space 11264K, 0% used [0x00000000e6a00000,0x00000000e6a00000,0x00000000e7500000)
 ParOldGen       total 97792K, used 15760K [0x00000000a0000000, 0x00000000a5f80000, 0x00000000e0000000)
  object space 97792K, 16% used [0x00000000a0000000,0x00000000a0f64038,0x00000000a5f80000)
 Metaspace       used 38926K, capacity 39722K, committed 39936K, reserved 1083392K
  class space    used 5315K, capacity 5597K, committed 5632K, reserved 1048576K
Event: 5.754 GC heap after
Heap after GC invocations=12 (full 2):
 PSYoungGen      total 100352K, used 7446K [0x00000000e0000000, 0x00000000e7180000, 0x0000000100000000)
  eden space 92672K, 0% used [0x00000000e0000000,0x00000000e0000000,0x00000000e5a80000)
  from space 7680K, 96% used [0x00000000e6a00000,0x00000000e71459b8,0x00000000e7180000)
  to   space 11264K, 0% used [0x00000000e5b80000,0x00000000e5b80000,0x00000000e6680000)
 ParOldGen       total 97792K, used 15768K [0x00000000a0000000, 0x00000000a5f80000, 0x00000000e0000000)
  object space 97792K, 16% used [0x00000000a0000000,0x00000000a0f66038,0x00000000a5f80000)
 Metaspace       used 38926K, capacity 39722K, committed 39936K, reserved 1083392K
  class space    used 5315K, capacity 5597K, committed 5632K, reserved 1048576K
}
Event: 7.293 GC heap before
{Heap before GC invocations=13 (full 2):
 PSYoungGen      total 100352K, used 100118K [0x00000000e0000000, 0x00000000e7180000, 0x0000000100000000)
  eden space 92672K, 100% used [0x00000000e0000000,0x00000000e5a80000,0x00000000e5a80000)
  from space 7680K, 96% used [0x00000000e6a00000,0x00000000e71459b8,0x00000000e7180000)
  to   space 11264K, 0% used [0x00000000e5b80000,0x00000000e5b80000,0x00000000e6680000)
 ParOldGen       total 97792K, used 15768K [0x00000000a0000000, 0x00000000a5f80000, 0x00000000e0000000)
  object space 97792K, 16% used [0x00000000a0000000,0x00000000a0f66038,0x00000000a5f80000)
 Metaspace       used 47495K, capacity 48474K, committed 48768K, reserved 1091584K
  class space    used 6403K, capacity 6734K, committed 6784K, reserved 1048576K
Event: 7.303 GC heap after
Heap after GC invocations=13 (full 2):
 PSYoungGen      total 103936K, used 11261K [0x00000000e0000000, 0x00000000e7180000, 0x0000000100000000)
  eden space 92672K, 0% used [0x00000000e0000000,0x00000000e0000000,0x00000000e5a80000)
  from space 11264K, 99% used [0x00000000e5b80000,0x00000000e667f500,0x00000000e6680000)
  to   space 7680K, 0% used [0x00000000e6a00000,0x00000000e6a00000,0x00000000e7180000)
 ParOldGen       total 97792K, used 20383K [0x00000000a0000000, 0x00000000a5f80000, 0x00000000e0000000)
  object space 97792K, 20% used [0x00000000a0000000,0x00000000a13e7df0,0x00000000a5f80000)
 Metaspace       used 47495K, capacity 48474K, committed 48768K, reserved 1091584K
  class space    used 6403K, capacity 6734K, committed 6784K, reserved 1048576K
}

Deoptimization events (10 events):
Event: 6.931 Thread 0x000000001ac0e000 Uncommon trap: reason=bimorphic action=maybe_recompile pc=0x0000000003dbd93c method=java.util.AbstractList$Itr.next()Ljava/lang/Object; @ 14
Event: 6.931 Thread 0x000000001ac0e000 Uncommon trap: reason=bimorphic action=maybe_recompile pc=0x0000000003dbd93c method=java.util.AbstractList$Itr.next()Ljava/lang/Object; @ 14
Event: 7.050 Thread 0x000000001ac0e000 Uncommon trap: reason=unstable_if action=reinterpret pc=0x0000000003539b50 method=java.io.DataInputStream.readUTF(Ljava/io/DataInput;)Ljava/lang/String; @ 31
Event: 7.177 Thread 0x000000001ac0e000 Uncommon trap: reason=unstable_if action=reinterpret pc=0x00000000031d7fa0 method=java.util.regex.Pattern$BmpCharProperty.match(Ljava/util/regex/Matcher;ILjava/lang/CharSequence;)Z @ 34
Event: 7.357 Thread 0x000000001ac0e000 Uncommon trap: reason=unstable_if action=reinterpret pc=0x0000000003f0e6c8 method=com.sun.org.apache.xerces.internal.impl.io.UTF8Reader.read([CII)I @ 131
Event: 7.358 Thread 0x000000001ac0e000 Uncommon trap: reason=unstable_if action=reinterpret pc=0x0000000003ef9328 method=com.sun.org.apache.xerces.internal.impl.io.UTF8Reader.read([CII)I @ 131
Event: 7.358 Thread 0x000000001ac0e000 Uncommon trap: reason=unstable_if action=reinterpret pc=0x0000000003ee58b8 method=java.util.regex.Pattern$BitClass.isSatisfiedBy(I)Z @ 4
Event: 7.358 Thread 0x000000001ac0e000 Uncommon trap: reason=unstable_if action=reinterpret pc=0x0000000003eb9a8c method=java.util.regex.Pattern$Ctype.isSatisfiedBy(I)Z @ 4
Event: 7.467 Thread 0x000000001ac0e000 Uncommon trap: reason=unstable_if action=reinterpret pc=0x0000000003eca418 method=com.sun.org.apache.xerces.internal.impl.XMLEntityScanner.scanContent(Lcom/sun/org/apache/xerces/internal/xni/XMLString;)I @ 44
Event: 7.469 Thread 0x000000001ac0e000 Uncommon trap: reason=unstable_if action=reinterpret pc=0x0000000003e8a174 method=com.sun.org.apache.xerces.internal.impl.XMLEntityScanner.checkBeforeLoad(Lcom/sun/xml/internal/stream/Entity$ScannedEntity;II)I @ 18

Classes redefined (0 events):
No events

Internal exceptions (10 events):
Event: 7.440 Thread 0x000000001ac0e000 Exception <a 'sun/nio/fs/WindowsException'> (0x00000000e1257ff8) thrown at [D:\src\AOSP-openjdk-cygwin\jdk8u\hotspot\src\share\vm\prims\jni.cpp, line 709]
Event: 7.441 Thread 0x000000001ac0e000 Exception <a 'sun/nio/fs/WindowsException'> (0x00000000e125b8e0) thrown at [D:\src\AOSP-openjdk-cygwin\jdk8u\hotspot\src\share\vm\prims\jni.cpp, line 709]
Event: 7.441 Thread 0x000000001ac0e000 Exception <a 'sun/nio/fs/WindowsException'> (0x00000000e125c5a8) thrown at [D:\src\AOSP-openjdk-cygwin\jdk8u\hotspot\src\share\vm\prims\jni.cpp, line 709]
Event: 7.441 Thread 0x000000001ac0e000 Exception <a 'sun/nio/fs/WindowsException'> (0x00000000e125e2b0) thrown at [D:\src\AOSP-openjdk-cygwin\jdk8u\hotspot\src\share\vm\prims\jni.cpp, line 709]
Event: 7.441 Thread 0x000000001ac0e000 Exception <a 'sun/nio/fs/WindowsException'> (0x00000000e125efb0) thrown at [D:\src\AOSP-openjdk-cygwin\jdk8u\hotspot\src\share\vm\prims\jni.cpp, line 709]
Event: 7.492 Thread 0x000000001ac0e000 Exception <a 'java/lang/NoSuchMethodError': java.lang.Object.lambda$comparing$77a9974f$1(Ljava/util/function/Function;Ljava/lang/Object;Ljava/lang/Object;)I> (0x00000000e1423330) thrown at [D:\src\AOSP-openjdk-cygwin\jdk8u\hotspot\src\share\vm\interpreter
Event: 7.492 Thread 0x000000001ac0e000 Exception <a 'java/lang/NoSuchMethodError': java.lang.Object.lambda$thenComparing$36697e65$1(Ljava/util/Comparator;Ljava/lang/Object;Ljava/lang/Object;)I> (0x00000000e142e9b0) thrown at [D:\src\AOSP-openjdk-cygwin\jdk8u\hotspot\src\share\vm\interpreter\li
Event: 7.502 Thread 0x000000001ac0e000 Exception <a 'java/lang/NoSuchMethodError': java.lang.Object.lambda$maxBy$1(Ljava/util/Comparator;Ljava/lang/Object;Ljava/lang/Object;)Ljava/lang/Object;> (0x00000000e14d6118) thrown at [D:\src\AOSP-openjdk-cygwin\jdk8u\hotspot\src\share\vm\interpreter\li
Event: 7.625 Thread 0x000000001ac0e000 Exception <a 'java/lang/ClassNotFoundException': org/gradle/api/plugins/BasePluginConventionBeanInfo> (0x00000000e1ea9940) thrown at [D:\src\AOSP-openjdk-cygwin\jdk8u\hotspot\src\share\vm\classfile\systemDictionary.cpp, line 210]
Event: 7.626 Thread 0x000000001ac0e000 Exception <a 'java/lang/ClassNotFoundException': org/gradle/api/plugins/BasePluginConventionCustomizer> (0x00000000e1ece290) thrown at [D:\src\AOSP-openjdk-cygwin\jdk8u\hotspot\src\share\vm\classfile\systemDictionary.cpp, line 210]

Events (10 events):
Event: 7.661 loading class com/android/build/gradle/internal/VariantManager
Event: 7.661 loading class com/android/build/gradle/internal/VariantManager done
Event: 7.662 loading class com/android/build/gradle/internal/core/GradleVariantConfiguration
Event: 7.662 loading class com/android/build/gradle/internal/core/GradleVariantConfiguration done
Event: 7.666 loading class com/android/build/gradle/internal/VariantManager
Event: 7.666 loading class com/android/build/gradle/internal/VariantManager done
Event: 7.667 loading class org/gradle/api/attributes/AttributeContainer
Event: 7.667 loading class org/gradle/api/attributes/AttributeContainer done
Event: 7.667 loading class org/gradle/api/Action
Event: 7.667 loading class org/gradle/api/Action done


Dynamic libraries:
0x00007ff70e790000 - 0x00007ff70e7c1000 	C:\Program Files\Android\Android Studio\jre\bin\java.exe
0x00007fff98680000 - 0x00007fff98861000 	C:\WINDOWS\SYSTEM32\ntdll.dll
0x00007fff95b10000 - 0x00007fff95bc2000 	C:\WINDOWS\System32\KERNEL32.DLL
0x00007fff94ec0000 - 0x00007fff95133000 	C:\WINDOWS\System32\KERNELBASE.dll
0x00007fff96150000 - 0x00007fff961f1000 	C:\WINDOWS\System32\ADVAPI32.dll
0x00007fff95dd0000 - 0x00007fff95e6e000 	C:\WINDOWS\System32\msvcrt.dll
0x00007fff969c0000 - 0x00007fff96a1b000 	C:\WINDOWS\System32\sechost.dll
0x00007fff97f10000 - 0x00007fff98034000 	C:\WINDOWS\System32\RPCRT4.dll
0x00007fff98190000 - 0x00007fff98320000 	C:\WINDOWS\System32\USER32.dll
0x00007fff94b50000 - 0x00007fff94b70000 	C:\WINDOWS\System32\win32u.dll
0x00007fff98160000 - 0x00007fff98188000 	C:\WINDOWS\System32\GDI32.dll
0x00007fff951e0000 - 0x00007fff95372000 	C:\WINDOWS\System32\gdi32full.dll
0x00007fff95140000 - 0x00007fff951df000 	C:\WINDOWS\System32\msvcp_win.dll
0x00007fff94a50000 - 0x00007fff94b4a000 	C:\WINDOWS\System32\ucrtbase.dll
0x00007fff82820000 - 0x00007fff82a89000 	C:\WINDOWS\WinSxS\amd64_microsoft.windows.common-controls_6595b64144ccf1df_6.0.17134.345_none_fb429a5930656358\COMCTL32.dll
0x00007fff98320000 - 0x00007fff98643000 	C:\WINDOWS\System32\combase.dll
0x00007fff95380000 - 0x00007fff953fa000 	C:\WINDOWS\System32\bcryptPrimitives.dll
0x00007fff96120000 - 0x00007fff9614d000 	C:\WINDOWS\System32\IMM32.DLL
0x0000000057130000 - 0x0000000057202000 	C:\Program Files\Android\Android Studio\jre\jre\bin\msvcr100.dll
0x0000000054fa0000 - 0x00000000557e1000 	C:\Program Files\Android\Android Studio\jre\jre\bin\server\jvm.dll
0x00007fff98150000 - 0x00007fff98158000 	C:\WINDOWS\System32\PSAPI.DLL
0x00007fff84d10000 - 0x00007fff84d19000 	C:\WINDOWS\SYSTEM32\WSOCK32.dll
0x00007fff92a60000 - 0x00007fff92a83000 	C:\WINDOWS\SYSTEM32\WINMM.dll
0x00007fff84b90000 - 0x00007fff84b9a000 	C:\WINDOWS\SYSTEM32\VERSION.dll
0x00007fff980e0000 - 0x00007fff9814c000 	C:\WINDOWS\System32\WS2_32.dll
0x00007fff924d0000 - 0x00007fff924fa000 	C:\WINDOWS\SYSTEM32\winmmbase.dll
0x00007fff94b70000 - 0x00007fff94bb9000 	C:\WINDOWS\System32\cfgmgr32.dll
0x00007fff8f420000 - 0x00007fff8f42f000 	C:\Program Files\Android\Android Studio\jre\jre\bin\verify.dll
0x00007fff8da70000 - 0x00007fff8da99000 	C:\Program Files\Android\Android Studio\jre\jre\bin\java.dll
0x00007fff8c770000 - 0x00007fff8c786000 	C:\Program Files\Android\Android Studio\jre\jre\bin\zip.dll
0x00007fff96a20000 - 0x00007fff97e5f000 	C:\WINDOWS\System32\SHELL32.dll
0x00007fff97e60000 - 0x00007fff97f09000 	C:\WINDOWS\System32\shcore.dll
0x00007fff95400000 - 0x00007fff95b0d000 	C:\WINDOWS\System32\windows.storage.dll
0x00007fff95d70000 - 0x00007fff95dc1000 	C:\WINDOWS\System32\shlwapi.dll
0x00007fff94a30000 - 0x00007fff94a41000 	C:\WINDOWS\System32\kernel.appcore.dll
0x00007fff94a10000 - 0x00007fff94a2f000 	C:\WINDOWS\System32\profapi.dll
0x00007fff949c0000 - 0x00007fff94a0c000 	C:\WINDOWS\System32\powrprof.dll
0x00007fff949b0000 - 0x00007fff949ba000 	C:\WINDOWS\System32\FLTLIB.DLL
0x00007fff8c750000 - 0x00007fff8c76a000 	C:\Program Files\Android\Android Studio\jre\jre\bin\net.dll
0x00007fff94210000 - 0x00007fff94276000 	C:\WINDOWS\system32\mswsock.dll
0x00007fff8c730000 - 0x00007fff8c741000 	C:\Program Files\Android\Android Studio\jre\jre\bin\nio.dll
0x00007fff8c440000 - 0x00007fff8c45e000 	C:\Users\dayoung\.gradle\native\25\windows-amd64\native-platform.dll
0x00007fff8e4b0000 - 0x00007fff8e4bd000 	C:\Program Files\Android\Android Studio\jre\jre\bin\management.dll
0x00007fff943c0000 - 0x00007fff943d7000 	C:\WINDOWS\SYSTEM32\CRYPTSP.dll
0x00007fff93df0000 - 0x00007fff93e23000 	C:\WINDOWS\system32\rsaenh.dll
0x00007fff944f0000 - 0x00007fff94515000 	C:\WINDOWS\SYSTEM32\bcrypt.dll
0x00007fff948c0000 - 0x00007fff948e8000 	C:\WINDOWS\SYSTEM32\USERENV.dll
0x00007fff943e0000 - 0x00007fff943eb000 	C:\WINDOWS\SYSTEM32\CRYPTBASE.dll
0x00007fff93f90000 - 0x00007fff93fc8000 	C:\WINDOWS\SYSTEM32\IPHLPAPI.DLL
0x00007fff96470000 - 0x00007fff96478000 	C:\WINDOWS\System32\NSI.dll
0x00007fff89a10000 - 0x00007fff89a26000 	C:\WINDOWS\SYSTEM32\dhcpcsvc6.DLL
0x00007fff8e110000 - 0x00007fff8e12a000 	C:\WINDOWS\SYSTEM32\dhcpcsvc.DLL

VM Arguments:
jvm_args: -Xmx1536m -Dfile.encoding=x-windows-949 -Duser.country=KR -Duser.language=ko -Duser.variant 
java_command: org.gradle.launcher.daemon.bootstrap.GradleDaemon 4.6
java_class_path (initial): C:\Users\dayoung\.gradle\wrapper\dists\gradle-4.6-all\bcst21l2brirad8k2ben1letg\gradle-4.6\lib\gradle-launcher-4.6.jar
Launcher Type: SUN_STANDARD

Environment Variables:
PATH=C:\app\dayoung\product\11.2.0\dbhome_1\bin;C:\Program Files (x86)\Common Files\Oracle\Java\javapath;C:\WINDOWS\system32;C:\WINDOWS;C:\WINDOWS\System32\Wbem;C:\WINDOWS\System32\WindowsPowerShell\v1.0\;C:\WINDOWS\System32\OpenSSH\;C:\Program Files\Git\cmd;C:\Program Files\nodejs\;C:\Program Files\Intel\WiFi\bin\;C:\Program Files\Common Files\Intel\WirelessCommon\;C:\Program Files\Git\bin;C:\Program Files\Bandizip\;C:\Program Files\Java\jdk1.8.0_171\bin;C:\OpenSSL-Win64\bin;C:\Users\dayoung\.android;;C:\Users\dayoung\AppData\Local\Programs\Microsoft VS Code\bin;C:\Users\dayoung\AppData\Roaming\npm
USERNAME=dayoung
OS=Windows_NT
PROCESSOR_IDENTIFIER=Intel64 Family 6 Model 142 Stepping 10, GenuineIntel



---------------  S Y S T E M  ---------------

OS: Windows 10.0 , 64 bit Build 17134 (10.0.17134.1)

CPU:total 8 (initial active 8) (4 cores per cpu, 2 threads per core) family 6 model 142 stepping 10, cmov, cx8, fxsr, mmx, sse, sse2, sse3, ssse3, sse4.1, sse4.2, popcnt, avx, avx2, aes, clmul, erms, 3dnowpref, lzcnt, ht, tsc, tscinvbit, bmi1, bmi2, adx

Memory: 4k page, physical 8268952k(1615516k free), swap 23819412k(6148k free)

vm_info: OpenJDK 64-Bit Server VM (25.152-b06) for windows-amd64 JRE (1.8.0_152-release-1136-b06), built by "builder" with MS VC++ 10.0 (VS2010)

time: Fri Oct 26 19:31:37 2018
elapsed time: 7 seconds (0d 0h 0m 7s)

